CRITICAL - 2026-05-24 00:38:44 --> Error: Class "App\Models\VehiculoModel" not found
[Method: GET, Route: /]
in APPPATH\Controllers\Inicio.php on line 11.
 1 SYSTEMPATH\CodeIgniter.php(974): App\Controllers\Inicio->index()
 2 SYSTEMPATH\CodeIgniter.php(520): CodeIgniter\CodeIgniter->runController(Object(App\Controllers\Inicio))
 3 SYSTEMPATH\CodeIgniter.php(363): CodeIgniter\CodeIgniter->handleRequest(null, Object(Config\Cache), false)
 4 SYSTEMPATH\Boot.php(417): CodeIgniter\CodeIgniter->run()
 5 SYSTEMPATH\Boot.php(68): CodeIgniter\Boot::runCodeIgniter(Object(CodeIgniter\CodeIgniter))
 6 FCPATH\index.php(59): CodeIgniter\Boot::bootWeb(Object(Config\Paths))
CRITICAL - 2026-05-24 00:40:09 --> Error: Class "App\Controllers\VehiculosModel" not found
[Method: GET, Route: /]
in APPPATH\Controllers\Inicio.php on line 11.
 1 SYSTEMPATH\CodeIgniter.php(974): App\Controllers\Inicio->index()
 2 SYSTEMPATH\CodeIgniter.php(520): CodeIgniter\CodeIgniter->runController(Object(App\Controllers\Inicio))
 3 SYSTEMPATH\CodeIgniter.php(363): CodeIgniter\CodeIgniter->handleRequest(null, Object(Config\Cache), false)
 4 SYSTEMPATH\Boot.php(417): CodeIgniter\CodeIgniter->run()
 5 SYSTEMPATH\Boot.php(68): CodeIgniter\Boot::runCodeIgniter(Object(CodeIgniter\CodeIgniter))
 6 FCPATH\index.php(59): CodeIgniter\Boot::bootWeb(Object(Config\Paths))
CRITICAL - 2026-05-24 00:44:36 --> Error: Class "App\Controllers\VehiculosModel" not found
[Method: GET, Route: /]
in APPPATH\Controllers\Inicio.php on line 11.
 1 SYSTEMPATH\CodeIgniter.php(974): App\Controllers\Inicio->index()
 2 SYSTEMPATH\CodeIgniter.php(520): CodeIgniter\CodeIgniter->runController(Object(App\Controllers\Inicio))
 3 SYSTEMPATH\CodeIgniter.php(363): CodeIgniter\CodeIgniter->handleRequest(null, Object(Config\Cache), false)
 4 SYSTEMPATH\Boot.php(417): CodeIgniter\CodeIgniter->run()
 5 SYSTEMPATH\Boot.php(68): CodeIgniter\Boot::runCodeIgniter(Object(CodeIgniter\CodeIgniter))
 6 FCPATH\index.php(59): CodeIgniter\Boot::bootWeb(Object(Config\Paths))
CRITICAL - 2026-05-24 00:47:23 --> Error: Class "App\Controllers\VehiculosModel" not found
[Method: GET, Route: /]
in APPPATH\Controllers\Inicio.php on line 11.
 1 SYSTEMPATH\CodeIgniter.php(974): App\Controllers\Inicio->index()
 2 SYSTEMPATH\CodeIgniter.php(520): CodeIgniter\CodeIgniter->runController(Object(App\Controllers\Inicio))
 3 SYSTEMPATH\CodeIgniter.php(363): CodeIgniter\CodeIgniter->handleRequest(null, Object(Config\Cache), false)
 4 SYSTEMPATH\Boot.php(417): CodeIgniter\CodeIgniter->run()
 5 SYSTEMPATH\Boot.php(68): CodeIgniter\Boot::runCodeIgniter(Object(CodeIgniter\CodeIgniter))
 6 FCPATH\index.php(59): CodeIgniter\Boot::bootWeb(Object(Config\Paths))
CRITICAL - 2026-05-24 00:48:14 --> CodeIgniter\View\Exceptions\ViewException: Invalid file: "layout/footer.php"
[Method: GET, Route: /]
in SYSTEMPATH\Exceptions\FrameworkException.php on line 39.
 1 SYSTEMPATH\View\View.php(228): CodeIgniter\Exceptions\FrameworkException::forInvalidFile('layout/footer.php')
 2 SYSTEMPATH\Common.php(1254): CodeIgniter\View\View->render('layout/footer', [], true)
 3 APPPATH\Views\inicio.php(142): view('layout/footer')
 4 SYSTEMPATH\View\View.php(240): include('C:\\xampp\\htdocs\\MyCar-Codeigniter\\app\\Views\\inicio.php')
 5 SYSTEMPATH\View\View.php(243): CodeIgniter\View\View->CodeIgniter\View\{closure}()
 6 SYSTEMPATH\Common.php(1254): CodeIgniter\View\View->render('inicio', [], true)
 7 APPPATH\Controllers\Inicio.php(15): view('inicio', [...])
 8 SYSTEMPATH\CodeIgniter.php(974): App\Controllers\Inicio->index()
 9 SYSTEMPATH\CodeIgniter.php(520): CodeIgniter\CodeIgniter->runController(Object(App\Controllers\Inicio))
10 SYSTEMPATH\CodeIgniter.php(363): CodeIgniter\CodeIgniter->handleRequest(null, Object(Config\Cache), false)
11 SYSTEMPATH\Boot.php(417): CodeIgniter\CodeIgniter->run()
12 SYSTEMPATH\Boot.php(68): CodeIgniter\Boot::runCodeIgniter(Object(CodeIgniter\CodeIgniter))
13 FCPATH\index.php(59): CodeIgniter\Boot::bootWeb(Object(Config\Paths))
CRITICAL - 2026-05-24 01:27:32 --> CodeIgniter\View\Exceptions\ViewException: Invalid file: "layout/footer.php"
[Method: GET, Route: /]
in SYSTEMPATH\Exceptions\FrameworkException.php on line 39.
 1 SYSTEMPATH\View\View.php(228): CodeIgniter\Exceptions\FrameworkException::forInvalidFile('layout/footer.php')
 2 SYSTEMPATH\Common.php(1254): CodeIgniter\View\View->render('layout/footer', [], true)
 3 APPPATH\Views\inicio.php(179): view('layout/footer')
 4 SYSTEMPATH\View\View.php(240): include('C:\\xampp\\htdocs\\MyCar-Codeigniter\\app\\Views\\inicio.php')
 5 SYSTEMPATH\View\View.php(243): CodeIgniter\View\View->CodeIgniter\View\{closure}()
 6 SYSTEMPATH\Common.php(1254): CodeIgniter\View\View->render('inicio', [], true)
 7 APPPATH\Controllers\Inicio.php(15): view('inicio', [...])
 8 SYSTEMPATH\CodeIgniter.php(974): App\Controllers\Inicio->index()
 9 SYSTEMPATH\CodeIgniter.php(520): CodeIgniter\CodeIgniter->runController(Object(App\Controllers\Inicio))
10 SYSTEMPATH\CodeIgniter.php(363): CodeIgniter\CodeIgniter->handleRequest(null, Object(Config\Cache), false)
11 SYSTEMPATH\Boot.php(417): CodeIgniter\CodeIgniter->run()
12 SYSTEMPATH\Boot.php(68): CodeIgniter\Boot::runCodeIgniter(Object(CodeIgniter\CodeIgniter))
13 FCPATH\index.php(59): CodeIgniter\Boot::bootWeb(Object(Config\Paths))
CRITICAL - 2026-05-24 02:11:41 --> Error: Class "App\Controllers\UsuariosModel" not found
[Method: GET, Route: usuarios/crear]
in APPPATH\Controllers\UsuariosController.php on line 13.
 1 SYSTEMPATH\CodeIgniter.php(944): App\Controllers\UsuariosController->__construct()
 2 SYSTEMPATH\CodeIgniter.php(511): CodeIgniter\CodeIgniter->createController()
 3 SYSTEMPATH\CodeIgniter.php(363): CodeIgniter\CodeIgniter->handleRequest(null, Object(Config\Cache), false)
 4 SYSTEMPATH\Boot.php(417): CodeIgniter\CodeIgniter->run()
 5 SYSTEMPATH\Boot.php(68): CodeIgniter\Boot::runCodeIgniter(Object(CodeIgniter\CodeIgniter))
 6 FCPATH\index.php(59): CodeIgniter\Boot::bootWeb(Object(Config\Paths))
CRITICAL - 2026-05-24 02:12:32 --> Error: Class "App\Models\UsuariosModel" not found
[Method: GET, Route: usuarios/crear]
in APPPATH\Controllers\UsuariosController.php on line 13.
 1 SYSTEMPATH\CodeIgniter.php(944): App\Controllers\UsuariosController->__construct()
 2 SYSTEMPATH\CodeIgniter.php(511): CodeIgniter\CodeIgniter->createController()
 3 SYSTEMPATH\CodeIgniter.php(363): CodeIgniter\CodeIgniter->handleRequest(null, Object(Config\Cache), false)
 4 SYSTEMPATH\Boot.php(417): CodeIgniter\CodeIgniter->run()
 5 SYSTEMPATH\Boot.php(68): CodeIgniter\Boot::runCodeIgniter(Object(CodeIgniter\CodeIgniter))
 6 FCPATH\index.php(59): CodeIgniter\Boot::bootWeb(Object(Config\Paths))
CRITICAL - 2026-05-24 02:13:11 --> Error: Class "App\Controllers\UserModel" not found
[Method: GET, Route: usuarios/crear]
in APPPATH\Controllers\UsuariosController.php on line 13.
 1 SYSTEMPATH\CodeIgniter.php(944): App\Controllers\UsuariosController->__construct()
 2 SYSTEMPATH\CodeIgniter.php(511): CodeIgniter\CodeIgniter->createController()
 3 SYSTEMPATH\CodeIgniter.php(363): CodeIgniter\CodeIgniter->handleRequest(null, Object(Config\Cache), false)
 4 SYSTEMPATH\Boot.php(417): CodeIgniter\CodeIgniter->run()
 5 SYSTEMPATH\Boot.php(68): CodeIgniter\Boot::runCodeIgniter(Object(CodeIgniter\CodeIgniter))
 6 FCPATH\index.php(59): CodeIgniter\Boot::bootWeb(Object(Config\Paths))
DEBUG - 2026-05-24 02:14:14 --> Session: Class initialized using 'CodeIgniter\Session\Handlers\FileHandler' driver.
DEBUG - 2026-05-24 02:14:37 --> Session: Class initialized using 'CodeIgniter\Session\Handlers\FileHandler' driver.
DEBUG - 2026-05-24 02:14:54 --> Session: Class initialized using 'CodeIgniter\Session\Handlers\FileHandler' driver.
DEBUG - 2026-05-24 02:15:13 --> Session: Class initialized using 'CodeIgniter\Session\Handlers\FileHandler' driver.
DEBUG - 2026-05-24 02:15:52 --> Session: Class initialized using 'CodeIgniter\Session\Handlers\FileHandler' driver.
DEBUG - 2026-05-24 02:16:36 --> Session: Class initialized using 'CodeIgniter\Session\Handlers\FileHandler' driver.
DEBUG - 2026-05-24 02:16:47 --> Session: Class initialized using 'CodeIgniter\Session\Handlers\FileHandler' driver.
DEBUG - 2026-05-24 02:16:49 --> Session: Class initialized using 'CodeIgniter\Session\Handlers\FileHandler' driver.
DEBUG - 2026-05-24 02:19:11 --> Session: Class initialized using 'CodeIgniter\Session\Handlers\FileHandler' driver.
DEBUG - 2026-05-24 02:21:29 --> Session: Class initialized using 'CodeIgniter\Session\Handlers\FileHandler' driver.
DEBUG - 2026-05-24 02:22:19 --> Session: Class initialized using 'CodeIgniter\Session\Handlers\FileHandler' driver.
DEBUG - 2026-05-24 03:11:24 --> Session: Class initialized using 'CodeIgniter\Session\Handlers\FileHandler' driver.
DEBUG - 2026-05-24 03:38:21 --> Session: Class initialized using 'CodeIgniter\Session\Handlers\FileHandler' driver.
DEBUG - 2026-05-24 03:38:23 --> Session: Class initialized using 'CodeIgniter\Session\Handlers\FileHandler' driver.
DEBUG - 2026-05-24 03:40:00 --> Session: Class initialized using 'CodeIgniter\Session\Handlers\FileHandler' driver.
ERROR - 2026-05-24 05:58:53 --> Error connecting to the database: mysqli_sql_exception: Unknown database 'gestionmycar' in C:\wamp64\www\MyCar-Codeigniter\system\Database\MySQLi\Connection.php:201
Stack trace:
#0 C:\wamp64\www\MyCar-Codeigniter\system\Database\MySQLi\Connection.php(201): mysqli->real_connect('localhost', 'root', Object(SensitiveParameterValue), 'gestionmycar', 3306, '', 0)
#1 C:\wamp64\www\MyCar-Codeigniter\system\Database\BaseConnection.php(555): CodeIgniter\Database\MySQLi\Connection->connect(false)
#2 C:\wamp64\www\MyCar-Codeigniter\system\Database\BaseConnection.php(795): CodeIgniter\Database\BaseConnection->initialize()
#3 C:\wamp64\www\MyCar-Codeigniter\system\Database\BaseBuilder.php(1647): CodeIgniter\Database\BaseConnection->query('SELECT *\nFROM `...', Array, false)
#4 C:\wamp64\www\MyCar-Codeigniter\system\Model.php(255): CodeIgniter\Database\BaseBuilder->get()
#5 C:\wamp64\www\MyCar-Codeigniter\system\BaseModel.php(676): CodeIgniter\Model->doFindAll(0, 0)
#6 C:\wamp64\www\MyCar-Codeigniter\app\Controllers\Inicio.php(13): CodeIgniter\BaseModel->findAll()
#7 C:\wamp64\www\MyCar-Codeigniter\system\CodeIgniter.php(974): App\Controllers\Inicio->index()
#8 C:\wamp64\www\MyCar-Codeigniter\system\CodeIgniter.php(520): CodeIgniter\CodeIgniter->runController(Object(App\Controllers\Inicio))
#9 C:\wamp64\www\MyCar-Codeigniter\system\CodeIgniter.php(363): CodeIgniter\CodeIgniter->handleRequest(NULL, Object(Config\Cache), false)
#10 C:\wamp64\www\MyCar-Codeigniter\system\Boot.php(417): CodeIgniter\CodeIgniter->run()
#11 C:\wamp64\www\MyCar-Codeigniter\system\Boot.php(68): CodeIgniter\Boot::runCodeIgniter(Object(CodeIgniter\CodeIgniter))
#12 C:\wamp64\www\MyCar-Codeigniter\public\index.php(59): CodeIgniter\Boot::bootWeb(Object(Config\Paths))
#13 {main}

Next CodeIgniter\Database\Exceptions\DatabaseException: Unknown database 'gestionmycar' in C:\wamp64\www\MyCar-Codeigniter\system\Database\MySQLi\Connection.php:231
Stack trace:
#0 C:\wamp64\www\MyCar-Codeigniter\system\Database\BaseConnection.php(555): CodeIgniter\Database\MySQLi\Connection->connect(false)
#1 C:\wamp64\www\MyCar-Codeigniter\system\Database\BaseConnection.php(795): CodeIgniter\Database\BaseConnection->initialize()
#2 C:\wamp64\www\MyCar-Codeigniter\system\Database\BaseBuilder.php(1647): CodeIgniter\Database\BaseConnection->query('SELECT *\nFROM `...', Array, false)
#3 C:\wamp64\www\MyCar-Codeigniter\system\Model.php(255): CodeIgniter\Database\BaseBuilder->get()
#4 C:\wamp64\www\MyCar-Codeigniter\system\BaseModel.php(676): CodeIgniter\Model->doFindAll(0, 0)
#5 C:\wamp64\www\MyCar-Codeigniter\app\Controllers\Inicio.php(13): CodeIgniter\BaseModel->findAll()
#6 C:\wamp64\www\MyCar-Codeigniter\system\CodeIgniter.php(974): App\Controllers\Inicio->index()
#7 C:\wamp64\www\MyCar-Codeigniter\system\CodeIgniter.php(520): CodeIgniter\CodeIgniter->runController(Object(App\Controllers\Inicio))
#8 C:\wamp64\www\MyCar-Codeigniter\system\CodeIgniter.php(363): CodeIgniter\CodeIgniter->handleRequest(NULL, Object(Config\Cache), false)
#9 C:\wamp64\www\MyCar-Codeigniter\system\Boot.php(417): CodeIgniter\CodeIgniter->run()
#10 C:\wamp64\www\MyCar-Codeigniter\system\Boot.php(68): CodeIgniter\Boot::runCodeIgniter(Object(CodeIgniter\CodeIgniter))
#11 C:\wamp64\www\MyCar-Codeigniter\public\index.php(59): CodeIgniter\Boot::bootWeb(Object(Config\Paths))
#12 {main}
CRITICAL - 2026-05-24 05:58:53 --> CodeIgniter\Database\Exceptions\DatabaseException: Unable to connect to the database.
Main connection [MySQLi]: Unknown database 'gestionmycar'
[Method: GET, Route: /]
in SYSTEMPATH\Database\BaseConnection.php on line 606.
 1 SYSTEMPATH\Database\BaseConnection.php(795): CodeIgniter\Database\BaseConnection->initialize()
 2 SYSTEMPATH\Database\BaseBuilder.php(1647): CodeIgniter\Database\BaseConnection->query('SELECT *
FROM `vehiculos`
WHERE `vehiculos`.`deleted_at` IS NULL', [], false)
 3 SYSTEMPATH\Model.php(255): CodeIgniter\Database\BaseBuilder->get()
 4 SYSTEMPATH\BaseModel.php(676): CodeIgniter\Model->doFindAll(0, 0)
 5 APPPATH\Controllers\Inicio.php(13): CodeIgniter\BaseModel->findAll()
 6 SYSTEMPATH\CodeIgniter.php(974): App\Controllers\Inicio->index()
 7 SYSTEMPATH\CodeIgniter.php(520): CodeIgniter\CodeIgniter->runController(Object(App\Controllers\Inicio))
 8 SYSTEMPATH\CodeIgniter.php(363): CodeIgniter\CodeIgniter->handleRequest(null, Object(Config\Cache), false)
 9 SYSTEMPATH\Boot.php(417): CodeIgniter\CodeIgniter->run()
10 SYSTEMPATH\Boot.php(68): CodeIgniter\Boot::runCodeIgniter(Object(CodeIgniter\CodeIgniter))
11 FCPATH\index.php(59): CodeIgniter\Boot::bootWeb(Object(Config\Paths))
ERROR - 2026-05-24 06:10:52 --> Error connecting to the database: mysqli_sql_exception: Unknown database 'gestionmycar' in C:\wamp64\www\MyCar-Codeigniter\system\Database\MySQLi\Connection.php:201
Stack trace:
#0 C:\wamp64\www\MyCar-Codeigniter\system\Database\MySQLi\Connection.php(201): mysqli->real_connect('localhost', 'root', Object(SensitiveParameterValue), 'gestionmycar', 3306, '', 0)
#1 C:\wamp64\www\MyCar-Codeigniter\system\Database\BaseConnection.php(555): CodeIgniter\Database\MySQLi\Connection->connect(false)
#2 C:\wamp64\www\MyCar-Codeigniter\system\Database\BaseConnection.php(795): CodeIgniter\Database\BaseConnection->initialize()
#3 C:\wamp64\www\MyCar-Codeigniter\system\Database\BaseBuilder.php(1647): CodeIgniter\Database\BaseConnection->query('SELECT *\nFROM `...', Array, false)
#4 C:\wamp64\www\MyCar-Codeigniter\system\Model.php(255): CodeIgniter\Database\BaseBuilder->get()
#5 C:\wamp64\www\MyCar-Codeigniter\system\BaseModel.php(676): CodeIgniter\Model->doFindAll(0, 0)
#6 C:\wamp64\www\MyCar-Codeigniter\app\Controllers\Inicio.php(13): CodeIgniter\BaseModel->findAll()
#7 C:\wamp64\www\MyCar-Codeigniter\system\CodeIgniter.php(974): App\Controllers\Inicio->index()
#8 C:\wamp64\www\MyCar-Codeigniter\system\CodeIgniter.php(520): CodeIgniter\CodeIgniter->runController(Object(App\Controllers\Inicio))
#9 C:\wamp64\www\MyCar-Codeigniter\system\CodeIgniter.php(363): CodeIgniter\CodeIgniter->handleRequest(NULL, Object(Config\Cache), false)
#10 C:\wamp64\www\MyCar-Codeigniter\system\Boot.php(417): CodeIgniter\CodeIgniter->run()
#11 C:\wamp64\www\MyCar-Codeigniter\system\Boot.php(68): CodeIgniter\Boot::runCodeIgniter(Object(CodeIgniter\CodeIgniter))
#12 C:\wamp64\www\MyCar-Codeigniter\public\index.php(59): CodeIgniter\Boot::bootWeb(Object(Config\Paths))
#13 {main}

Next CodeIgniter\Database\Exceptions\DatabaseException: Unknown database 'gestionmycar' in C:\wamp64\www\MyCar-Codeigniter\system\Database\MySQLi\Connection.php:231
Stack trace:
#0 C:\wamp64\www\MyCar-Codeigniter\system\Database\BaseConnection.php(555): CodeIgniter\Database\MySQLi\Connection->connect(false)
#1 C:\wamp64\www\MyCar-Codeigniter\system\Database\BaseConnection.php(795): CodeIgniter\Database\BaseConnection->initialize()
#2 C:\wamp64\www\MyCar-Codeigniter\system\Database\BaseBuilder.php(1647): CodeIgniter\Database\BaseConnection->query('SELECT *\nFROM `...', Array, false)
#3 C:\wamp64\www\MyCar-Codeigniter\system\Model.php(255): CodeIgniter\Database\BaseBuilder->get()
#4 C:\wamp64\www\MyCar-Codeigniter\system\BaseModel.php(676): CodeIgniter\Model->doFindAll(0, 0)
#5 C:\wamp64\www\MyCar-Codeigniter\app\Controllers\Inicio.php(13): CodeIgniter\BaseModel->findAll()
#6 C:\wamp64\www\MyCar-Codeigniter\system\CodeIgniter.php(974): App\Controllers\Inicio->index()
#7 C:\wamp64\www\MyCar-Codeigniter\system\CodeIgniter.php(520): CodeIgniter\CodeIgniter->runController(Object(App\Controllers\Inicio))
#8 C:\wamp64\www\MyCar-Codeigniter\system\CodeIgniter.php(363): CodeIgniter\CodeIgniter->handleRequest(NULL, Object(Config\Cache), false)
#9 C:\wamp64\www\MyCar-Codeigniter\system\Boot.php(417): CodeIgniter\CodeIgniter->run()
#10 C:\wamp64\www\MyCar-Codeigniter\system\Boot.php(68): CodeIgniter\Boot::runCodeIgniter(Object(CodeIgniter\CodeIgniter))
#11 C:\wamp64\www\MyCar-Codeigniter\public\index.php(59): CodeIgniter\Boot::bootWeb(Object(Config\Paths))
#12 {main}
CRITICAL - 2026-05-24 06:10:52 --> CodeIgniter\Database\Exceptions\DatabaseException: Unable to connect to the database.
Main connection [MySQLi]: Unknown database 'gestionmycar'
[Method: GET, Route: /]
in SYSTEMPATH\Database\BaseConnection.php on line 606.
 1 SYSTEMPATH\Database\BaseConnection.php(795): CodeIgniter\Database\BaseConnection->initialize()
 2 SYSTEMPATH\Database\BaseBuilder.php(1647): CodeIgniter\Database\BaseConnection->query('SELECT *
FROM `vehiculos`
WHERE `vehiculos`.`deleted_at` IS NULL', [], false)
 3 SYSTEMPATH\Model.php(255): CodeIgniter\Database\BaseBuilder->get()
 4 SYSTEMPATH\BaseModel.php(676): CodeIgniter\Model->doFindAll(0, 0)
 5 APPPATH\Controllers\Inicio.php(13): CodeIgniter\BaseModel->findAll()
 6 SYSTEMPATH\CodeIgniter.php(974): App\Controllers\Inicio->index()
 7 SYSTEMPATH\CodeIgniter.php(520): CodeIgniter\CodeIgniter->runController(Object(App\Controllers\Inicio))
 8 SYSTEMPATH\CodeIgniter.php(363): CodeIgniter\CodeIgniter->handleRequest(null, Object(Config\Cache), false)
 9 SYSTEMPATH\Boot.php(417): CodeIgniter\CodeIgniter->run()
10 SYSTEMPATH\Boot.php(68): CodeIgniter\Boot::runCodeIgniter(Object(CodeIgniter\CodeIgniter))
11 FCPATH\index.php(59): CodeIgniter\Boot::bootWeb(Object(Config\Paths))
ERROR - 2026-05-24 06:10:53 --> Error connecting to the database: mysqli_sql_exception: Unknown database 'gestionmycar' in C:\wamp64\www\MyCar-Codeigniter\system\Database\MySQLi\Connection.php:201
Stack trace:
#0 C:\wamp64\www\MyCar-Codeigniter\system\Database\MySQLi\Connection.php(201): mysqli->real_connect('localhost', 'root', Object(SensitiveParameterValue), 'gestionmycar', 3306, '', 0)
#1 C:\wamp64\www\MyCar-Codeigniter\system\Database\BaseConnection.php(555): CodeIgniter\Database\MySQLi\Connection->connect(false)
#2 C:\wamp64\www\MyCar-Codeigniter\system\Database\BaseConnection.php(795): CodeIgniter\Database\BaseConnection->initialize()
#3 C:\wamp64\www\MyCar-Codeigniter\system\Database\BaseBuilder.php(1647): CodeIgniter\Database\BaseConnection->query('SELECT *\nFROM `...', Array, false)
#4 C:\wamp64\www\MyCar-Codeigniter\system\Model.php(255): CodeIgniter\Database\BaseBuilder->get()
#5 C:\wamp64\www\MyCar-Codeigniter\system\BaseModel.php(676): CodeIgniter\Model->doFindAll(0, 0)
#6 C:\wamp64\www\MyCar-Codeigniter\app\Controllers\Inicio.php(13): CodeIgniter\BaseModel->findAll()
#7 C:\wamp64\www\MyCar-Codeigniter\system\CodeIgniter.php(974): App\Controllers\Inicio->index()
#8 C:\wamp64\www\MyCar-Codeigniter\system\CodeIgniter.php(520): CodeIgniter\CodeIgniter->runController(Object(App\Controllers\Inicio))
#9 C:\wamp64\www\MyCar-Codeigniter\system\CodeIgniter.php(363): CodeIgniter\CodeIgniter->handleRequest(NULL, Object(Config\Cache), false)
#10 C:\wamp64\www\MyCar-Codeigniter\system\Boot.php(417): CodeIgniter\CodeIgniter->run()
#11 C:\wamp64\www\MyCar-Codeigniter\system\Boot.php(68): CodeIgniter\Boot::runCodeIgniter(Object(CodeIgniter\CodeIgniter))
#12 C:\wamp64\www\MyCar-Codeigniter\public\index.php(59): CodeIgniter\Boot::bootWeb(Object(Config\Paths))
#13 {main}

Next CodeIgniter\Database\Exceptions\DatabaseException: Unknown database 'gestionmycar' in C:\wamp64\www\MyCar-Codeigniter\system\Database\MySQLi\Connection.php:231
Stack trace:
#0 C:\wamp64\www\MyCar-Codeigniter\system\Database\BaseConnection.php(555): CodeIgniter\Database\MySQLi\Connection->connect(false)
#1 C:\wamp64\www\MyCar-Codeigniter\system\Database\BaseConnection.php(795): CodeIgniter\Database\BaseConnection->initialize()
#2 C:\wamp64\www\MyCar-Codeigniter\system\Database\BaseBuilder.php(1647): CodeIgniter\Database\BaseConnection->query('SELECT *\nFROM `...', Array, false)
#3 C:\wamp64\www\MyCar-Codeigniter\system\Model.php(255): CodeIgniter\Database\BaseBuilder->get()
#4 C:\wamp64\www\MyCar-Codeigniter\system\BaseModel.php(676): CodeIgniter\Model->doFindAll(0, 0)
#5 C:\wamp64\www\MyCar-Codeigniter\app\Controllers\Inicio.php(13): CodeIgniter\BaseModel->findAll()
#6 C:\wamp64\www\MyCar-Codeigniter\system\CodeIgniter.php(974): App\Controllers\Inicio->index()
#7 C:\wamp64\www\MyCar-Codeigniter\system\CodeIgniter.php(520): CodeIgniter\CodeIgniter->runController(Object(App\Controllers\Inicio))
#8 C:\wamp64\www\MyCar-Codeigniter\system\CodeIgniter.php(363): CodeIgniter\CodeIgniter->handleRequest(NULL, Object(Config\Cache), false)
#9 C:\wamp64\www\MyCar-Codeigniter\system\Boot.php(417): CodeIgniter\CodeIgniter->run()
#10 C:\wamp64\www\MyCar-Codeigniter\system\Boot.php(68): CodeIgniter\Boot::runCodeIgniter(Object(CodeIgniter\CodeIgniter))
#11 C:\wamp64\www\MyCar-Codeigniter\public\index.php(59): CodeIgniter\Boot::bootWeb(Object(Config\Paths))
#12 {main}
CRITICAL - 2026-05-24 06:10:53 --> CodeIgniter\Database\Exceptions\DatabaseException: Unable to connect to the database.
Main connection [MySQLi]: Unknown database 'gestionmycar'
[Method: GET, Route: /]
in SYSTEMPATH\Database\BaseConnection.php on line 606.
 1 SYSTEMPATH\Database\BaseConnection.php(795): CodeIgniter\Database\BaseConnection->initialize()
 2 SYSTEMPATH\Database\BaseBuilder.php(1647): CodeIgniter\Database\BaseConnection->query('SELECT *
FROM `vehiculos`
WHERE `vehiculos`.`deleted_at` IS NULL', [], false)
 3 SYSTEMPATH\Model.php(255): CodeIgniter\Database\BaseBuilder->get()
 4 SYSTEMPATH\BaseModel.php(676): CodeIgniter\Model->doFindAll(0, 0)
 5 APPPATH\Controllers\Inicio.php(13): CodeIgniter\BaseModel->findAll()
 6 SYSTEMPATH\CodeIgniter.php(974): App\Controllers\Inicio->index()
 7 SYSTEMPATH\CodeIgniter.php(520): CodeIgniter\CodeIgniter->runController(Object(App\Controllers\Inicio))
 8 SYSTEMPATH\CodeIgniter.php(363): CodeIgniter\CodeIgniter->handleRequest(null, Object(Config\Cache), false)
 9 SYSTEMPATH\Boot.php(417): CodeIgniter\CodeIgniter->run()
10 SYSTEMPATH\Boot.php(68): CodeIgniter\Boot::runCodeIgniter(Object(CodeIgniter\CodeIgniter))
11 FCPATH\index.php(59): CodeIgniter\Boot::bootWeb(Object(Config\Paths))
ERROR - 2026-05-24 06:10:53 --> Error connecting to the database: mysqli_sql_exception: Unknown database 'gestionmycar' in C:\wamp64\www\MyCar-Codeigniter\system\Database\MySQLi\Connection.php:201
Stack trace:
#0 C:\wamp64\www\MyCar-Codeigniter\system\Database\MySQLi\Connection.php(201): mysqli->real_connect('localhost', 'root', Object(SensitiveParameterValue), 'gestionmycar', 3306, '', 0)
#1 C:\wamp64\www\MyCar-Codeigniter\system\Database\BaseConnection.php(555): CodeIgniter\Database\MySQLi\Connection->connect(false)
#2 C:\wamp64\www\MyCar-Codeigniter\system\Database\BaseConnection.php(795): CodeIgniter\Database\BaseConnection->initialize()
#3 C:\wamp64\www\MyCar-Codeigniter\system\Database\BaseBuilder.php(1647): CodeIgniter\Database\BaseConnection->query('SELECT *\nFROM `...', Array, false)
#4 C:\wamp64\www\MyCar-Codeigniter\system\Model.php(255): CodeIgniter\Database\BaseBuilder->get()
#5 C:\wamp64\www\MyCar-Codeigniter\system\BaseModel.php(676): CodeIgniter\Model->doFindAll(0, 0)
#6 C:\wamp64\www\MyCar-Codeigniter\app\Controllers\Inicio.php(13): CodeIgniter\BaseModel->findAll()
#7 C:\wamp64\www\MyCar-Codeigniter\system\CodeIgniter.php(974): App\Controllers\Inicio->index()
#8 C:\wamp64\www\MyCar-Codeigniter\system\CodeIgniter.php(520): CodeIgniter\CodeIgniter->runController(Object(App\Controllers\Inicio))
#9 C:\wamp64\www\MyCar-Codeigniter\system\CodeIgniter.php(363): CodeIgniter\CodeIgniter->handleRequest(NULL, Object(Config\Cache), false)
#10 C:\wamp64\www\MyCar-Codeigniter\system\Boot.php(417): CodeIgniter\CodeIgniter->run()
#11 C:\wamp64\www\MyCar-Codeigniter\system\Boot.php(68): CodeIgniter\Boot::runCodeIgniter(Object(CodeIgniter\CodeIgniter))
#12 C:\wamp64\www\MyCar-Codeigniter\public\index.php(59): CodeIgniter\Boot::bootWeb(Object(Config\Paths))
#13 {main}

Next CodeIgniter\Database\Exceptions\DatabaseException: Unknown database 'gestionmycar' in C:\wamp64\www\MyCar-Codeigniter\system\Database\MySQLi\Connection.php:231
Stack trace:
#0 C:\wamp64\www\MyCar-Codeigniter\system\Database\BaseConnection.php(555): CodeIgniter\Database\MySQLi\Connection->connect(false)
#1 C:\wamp64\www\MyCar-Codeigniter\system\Database\BaseConnection.php(795): CodeIgniter\Database\BaseConnection->initialize()
#2 C:\wamp64\www\MyCar-Codeigniter\system\Database\BaseBuilder.php(1647): CodeIgniter\Database\BaseConnection->query('SELECT *\nFROM `...', Array, false)
#3 C:\wamp64\www\MyCar-Codeigniter\system\Model.php(255): CodeIgniter\Database\BaseBuilder->get()
#4 C:\wamp64\www\MyCar-Codeigniter\system\BaseModel.php(676): CodeIgniter\Model->doFindAll(0, 0)
#5 C:\wamp64\www\MyCar-Codeigniter\app\Controllers\Inicio.php(13): CodeIgniter\BaseModel->findAll()
#6 C:\wamp64\www\MyCar-Codeigniter\system\CodeIgniter.php(974): App\Controllers\Inicio->index()
#7 C:\wamp64\www\MyCar-Codeigniter\system\CodeIgniter.php(520): CodeIgniter\CodeIgniter->runController(Object(App\Controllers\Inicio))
#8 C:\wamp64\www\MyCar-Codeigniter\system\CodeIgniter.php(363): CodeIgniter\CodeIgniter->handleRequest(NULL, Object(Config\Cache), false)
#9 C:\wamp64\www\MyCar-Codeigniter\system\Boot.php(417): CodeIgniter\CodeIgniter->run()
#10 C:\wamp64\www\MyCar-Codeigniter\system\Boot.php(68): CodeIgniter\Boot::runCodeIgniter(Object(CodeIgniter\CodeIgniter))
#11 C:\wamp64\www\MyCar-Codeigniter\public\index.php(59): CodeIgniter\Boot::bootWeb(Object(Config\Paths))
#12 {main}
CRITICAL - 2026-05-24 06:10:53 --> CodeIgniter\Database\Exceptions\DatabaseException: Unable to connect to the database.
Main connection [MySQLi]: Unknown database 'gestionmycar'
[Method: GET, Route: /]
in SYSTEMPATH\Database\BaseConnection.php on line 606.
 1 SYSTEMPATH\Database\BaseConnection.php(795): CodeIgniter\Database\BaseConnection->initialize()
 2 SYSTEMPATH\Database\BaseBuilder.php(1647): CodeIgniter\Database\BaseConnection->query('SELECT *
FROM `vehiculos`
WHERE `vehiculos`.`deleted_at` IS NULL', [], false)
 3 SYSTEMPATH\Model.php(255): CodeIgniter\Database\BaseBuilder->get()
 4 SYSTEMPATH\BaseModel.php(676): CodeIgniter\Model->doFindAll(0, 0)
 5 APPPATH\Controllers\Inicio.php(13): CodeIgniter\BaseModel->findAll()
 6 SYSTEMPATH\CodeIgniter.php(974): App\Controllers\Inicio->index()
 7 SYSTEMPATH\CodeIgniter.php(520): CodeIgniter\CodeIgniter->runController(Object(App\Controllers\Inicio))
 8 SYSTEMPATH\CodeIgniter.php(363): CodeIgniter\CodeIgniter->handleRequest(null, Object(Config\Cache), false)
 9 SYSTEMPATH\Boot.php(417): CodeIgniter\CodeIgniter->run()
10 SYSTEMPATH\Boot.php(68): CodeIgniter\Boot::runCodeIgniter(Object(CodeIgniter\CodeIgniter))
11 FCPATH\index.php(59): CodeIgniter\Boot::bootWeb(Object(Config\Paths))
ERROR - 2026-05-24 06:10:53 --> Error connecting to the database: mysqli_sql_exception: Unknown database 'gestionmycar' in C:\wamp64\www\MyCar-Codeigniter\system\Database\MySQLi\Connection.php:201
Stack trace:
#0 C:\wamp64\www\MyCar-Codeigniter\system\Database\MySQLi\Connection.php(201): mysqli->real_connect('localhost', 'root', Object(SensitiveParameterValue), 'gestionmycar', 3306, '', 0)
#1 C:\wamp64\www\MyCar-Codeigniter\system\Database\BaseConnection.php(555): CodeIgniter\Database\MySQLi\Connection->connect(false)
#2 C:\wamp64\www\MyCar-Codeigniter\system\Database\BaseConnection.php(795): CodeIgniter\Database\BaseConnection->initialize()
#3 C:\wamp64\www\MyCar-Codeigniter\system\Database\BaseBuilder.php(1647): CodeIgniter\Database\BaseConnection->query('SELECT *\nFROM `...', Array, false)
#4 C:\wamp64\www\MyCar-Codeigniter\system\Model.php(255): CodeIgniter\Database\BaseBuilder->get()
#5 C:\wamp64\www\MyCar-Codeigniter\system\BaseModel.php(676): CodeIgniter\Model->doFindAll(0, 0)
#6 C:\wamp64\www\MyCar-Codeigniter\app\Controllers\Inicio.php(13): CodeIgniter\BaseModel->findAll()
#7 C:\wamp64\www\MyCar-Codeigniter\system\CodeIgniter.php(974): App\Controllers\Inicio->index()
#8 C:\wamp64\www\MyCar-Codeigniter\system\CodeIgniter.php(520): CodeIgniter\CodeIgniter->runController(Object(App\Controllers\Inicio))
#9 C:\wamp64\www\MyCar-Codeigniter\system\CodeIgniter.php(363): CodeIgniter\CodeIgniter->handleRequest(NULL, Object(Config\Cache), false)
#10 C:\wamp64\www\MyCar-Codeigniter\system\Boot.php(417): CodeIgniter\CodeIgniter->run()
#11 C:\wamp64\www\MyCar-Codeigniter\system\Boot.php(68): CodeIgniter\Boot::runCodeIgniter(Object(CodeIgniter\CodeIgniter))
#12 C:\wamp64\www\MyCar-Codeigniter\public\index.php(59): CodeIgniter\Boot::bootWeb(Object(Config\Paths))
#13 {main}

Next CodeIgniter\Database\Exceptions\DatabaseException: Unknown database 'gestionmycar' in C:\wamp64\www\MyCar-Codeigniter\system\Database\MySQLi\Connection.php:231
Stack trace:
#0 C:\wamp64\www\MyCar-Codeigniter\system\Database\BaseConnection.php(555): CodeIgniter\Database\MySQLi\Connection->connect(false)
#1 C:\wamp64\www\MyCar-Codeigniter\system\Database\BaseConnection.php(795): CodeIgniter\Database\BaseConnection->initialize()
#2 C:\wamp64\www\MyCar-Codeigniter\system\Database\BaseBuilder.php(1647): CodeIgniter\Database\BaseConnection->query('SELECT *\nFROM `...', Array, false)
#3 C:\wamp64\www\MyCar-Codeigniter\system\Model.php(255): CodeIgniter\Database\BaseBuilder->get()
#4 C:\wamp64\www\MyCar-Codeigniter\system\BaseModel.php(676): CodeIgniter\Model->doFindAll(0, 0)
#5 C:\wamp64\www\MyCar-Codeigniter\app\Controllers\Inicio.php(13): CodeIgniter\BaseModel->findAll()
#6 C:\wamp64\www\MyCar-Codeigniter\system\CodeIgniter.php(974): App\Controllers\Inicio->index()
#7 C:\wamp64\www\MyCar-Codeigniter\system\CodeIgniter.php(520): CodeIgniter\CodeIgniter->runController(Object(App\Controllers\Inicio))
#8 C:\wamp64\www\MyCar-Codeigniter\system\CodeIgniter.php(363): CodeIgniter\CodeIgniter->handleRequest(NULL, Object(Config\Cache), false)
#9 C:\wamp64\www\MyCar-Codeigniter\system\Boot.php(417): CodeIgniter\CodeIgniter->run()
#10 C:\wamp64\www\MyCar-Codeigniter\system\Boot.php(68): CodeIgniter\Boot::runCodeIgniter(Object(CodeIgniter\CodeIgniter))
#11 C:\wamp64\www\MyCar-Codeigniter\public\index.php(59): CodeIgniter\Boot::bootWeb(Object(Config\Paths))
#12 {main}
CRITICAL - 2026-05-24 06:10:53 --> CodeIgniter\Database\Exceptions\DatabaseException: Unable to connect to the database.
Main connection [MySQLi]: Unknown database 'gestionmycar'
[Method: GET, Route: /]
in SYSTEMPATH\Database\BaseConnection.php on line 606.
 1 SYSTEMPATH\Database\BaseConnection.php(795): CodeIgniter\Database\BaseConnection->initialize()
 2 SYSTEMPATH\Database\BaseBuilder.php(1647): CodeIgniter\Database\BaseConnection->query('SELECT *
FROM `vehiculos`
WHERE `vehiculos`.`deleted_at` IS NULL', [], false)
 3 SYSTEMPATH\Model.php(255): CodeIgniter\Database\BaseBuilder->get()
 4 SYSTEMPATH\BaseModel.php(676): CodeIgniter\Model->doFindAll(0, 0)
 5 APPPATH\Controllers\Inicio.php(13): CodeIgniter\BaseModel->findAll()
 6 SYSTEMPATH\CodeIgniter.php(974): App\Controllers\Inicio->index()
 7 SYSTEMPATH\CodeIgniter.php(520): CodeIgniter\CodeIgniter->runController(Object(App\Controllers\Inicio))
 8 SYSTEMPATH\CodeIgniter.php(363): CodeIgniter\CodeIgniter->handleRequest(null, Object(Config\Cache), false)
 9 SYSTEMPATH\Boot.php(417): CodeIgniter\CodeIgniter->run()
10 SYSTEMPATH\Boot.php(68): CodeIgniter\Boot::runCodeIgniter(Object(CodeIgniter\CodeIgniter))
11 FCPATH\index.php(59): CodeIgniter\Boot::bootWeb(Object(Config\Paths))
ERROR - 2026-05-24 06:13:20 --> Error connecting to the database: ErrorException: mysqli::real_connect(): Error while reading greeting packet. PID=18136 in C:\wamp64\www\MyCar-Codeigniter\system\Database\MySQLi\Connection.php:201
Stack trace:
#0 [internal function]: CodeIgniter\Debug\Exceptions->errorHandler(2, 'mysqli::real_co...', 'C:\\wamp64\\www\\M...', 201)
#1 C:\wamp64\www\MyCar-Codeigniter\system\Database\MySQLi\Connection.php(201): mysqli->real_connect('localhost', 'root', Object(SensitiveParameterValue), 'gestion-mycar', 8080, '', 0)
#2 C:\wamp64\www\MyCar-Codeigniter\system\Database\BaseConnection.php(555): CodeIgniter\Database\MySQLi\Connection->connect(false)
#3 C:\wamp64\www\MyCar-Codeigniter\system\Database\BaseConnection.php(795): CodeIgniter\Database\BaseConnection->initialize()
#4 C:\wamp64\www\MyCar-Codeigniter\system\Database\BaseBuilder.php(1647): CodeIgniter\Database\BaseConnection->query('SELECT *\nFROM `...', Array, false)
#5 C:\wamp64\www\MyCar-Codeigniter\system\Model.php(255): CodeIgniter\Database\BaseBuilder->get()
#6 C:\wamp64\www\MyCar-Codeigniter\system\BaseModel.php(676): CodeIgniter\Model->doFindAll(0, 0)
#7 C:\wamp64\www\MyCar-Codeigniter\app\Controllers\Inicio.php(13): CodeIgniter\BaseModel->findAll()
#8 C:\wamp64\www\MyCar-Codeigniter\system\CodeIgniter.php(974): App\Controllers\Inicio->index()
#9 C:\wamp64\www\MyCar-Codeigniter\system\CodeIgniter.php(520): CodeIgniter\CodeIgniter->runController(Object(App\Controllers\Inicio))
#10 C:\wamp64\www\MyCar-Codeigniter\system\CodeIgniter.php(363): CodeIgniter\CodeIgniter->handleRequest(NULL, Object(Config\Cache), false)
#11 C:\wamp64\www\MyCar-Codeigniter\system\Boot.php(417): CodeIgniter\CodeIgniter->run()
#12 C:\wamp64\www\MyCar-Codeigniter\system\Boot.php(68): CodeIgniter\Boot::runCodeIgniter(Object(CodeIgniter\CodeIgniter))
#13 C:\wamp64\www\MyCar-Codeigniter\public\index.php(59): CodeIgniter\Boot::bootWeb(Object(Config\Paths))
#14 {main}

Next mysqli_sql_exception: MySQL server has gone away in C:\wamp64\www\MyCar-Codeigniter\system\Database\MySQLi\Connection.php:201
Stack trace:
#0 C:\wamp64\www\MyCar-Codeigniter\system\Database\MySQLi\Connection.php(201): mysqli->real_connect('localhost', 'root', Object(SensitiveParameterValue), 'gestion-mycar', 8080, '', 0)
#1 C:\wamp64\www\MyCar-Codeigniter\system\Database\BaseConnection.php(555): CodeIgniter\Database\MySQLi\Connection->connect(false)
#2 C:\wamp64\www\MyCar-Codeigniter\system\Database\BaseConnection.php(795): CodeIgniter\Database\BaseConnection->initialize()
#3 C:\wamp64\www\MyCar-Codeigniter\system\Database\BaseBuilder.php(1647): CodeIgniter\Database\BaseConnection->query('SELECT *\nFROM `...', Array, false)
#4 C:\wamp64\www\MyCar-Codeigniter\system\Model.php(255): CodeIgniter\Database\BaseBuilder->get()
#5 C:\wamp64\www\MyCar-Codeigniter\system\BaseModel.php(676): CodeIgniter\Model->doFindAll(0, 0)
#6 C:\wamp64\www\MyCar-Codeigniter\app\Controllers\Inicio.php(13): CodeIgniter\BaseModel->findAll()
#7 C:\wamp64\www\MyCar-Codeigniter\system\CodeIgniter.php(974): App\Controllers\Inicio->index()
#8 C:\wamp64\www\MyCar-Codeigniter\system\CodeIgniter.php(520): CodeIgniter\CodeIgniter->runController(Object(App\Controllers\Inicio))
#9 C:\wamp64\www\MyCar-Codeigniter\system\CodeIgniter.php(363): CodeIgniter\CodeIgniter->handleRequest(NULL, Object(Config\Cache), false)
#10 C:\wamp64\www\MyCar-Codeigniter\system\Boot.php(417): CodeIgniter\CodeIgniter->run()
#11 C:\wamp64\www\MyCar-Codeigniter\system\Boot.php(68): CodeIgniter\Boot::runCodeIgniter(Object(CodeIgniter\CodeIgniter))
#12 C:\wamp64\www\MyCar-Codeigniter\public\index.php(59): CodeIgniter\Boot::bootWeb(Object(Config\Paths))
#13 {main}

Next CodeIgniter\Database\Exceptions\DatabaseException: MySQL server has gone away in C:\wamp64\www\MyCar-Codeigniter\system\Database\MySQLi\Connection.php:231
Stack trace:
#0 C:\wamp64\www\MyCar-Codeigniter\system\Database\BaseConnection.php(555): CodeIgniter\Database\MySQLi\Connection->connect(false)
#1 C:\wamp64\www\MyCar-Codeigniter\system\Database\BaseConnection.php(795): CodeIgniter\Database\BaseConnection->initialize()
#2 C:\wamp64\www\MyCar-Codeigniter\system\Database\BaseBuilder.php(1647): CodeIgniter\Database\BaseConnection->query('SELECT *\nFROM `...', Array, false)
#3 C:\wamp64\www\MyCar-Codeigniter\system\Model.php(255): CodeIgniter\Database\BaseBuilder->get()
#4 C:\wamp64\www\MyCar-Codeigniter\system\BaseModel.php(676): CodeIgniter\Model->doFindAll(0, 0)
#5 C:\wamp64\www\MyCar-Codeigniter\app\Controllers\Inicio.php(13): CodeIgniter\BaseModel->findAll()
#6 C:\wamp64\www\MyCar-Codeigniter\system\CodeIgniter.php(974): App\Controllers\Inicio->index()
#7 C:\wamp64\www\MyCar-Codeigniter\system\CodeIgniter.php(520): CodeIgniter\CodeIgniter->runController(Object(App\Controllers\Inicio))
#8 C:\wamp64\www\MyCar-Codeigniter\system\CodeIgniter.php(363): CodeIgniter\CodeIgniter->handleRequest(NULL, Object(Config\Cache), false)
#9 C:\wamp64\www\MyCar-Codeigniter\system\Boot.php(417): CodeIgniter\CodeIgniter->run()
#10 C:\wamp64\www\MyCar-Codeigniter\system\Boot.php(68): CodeIgniter\Boot::runCodeIgniter(Object(CodeIgniter\CodeIgniter))
#11 C:\wamp64\www\MyCar-Codeigniter\public\index.php(59): CodeIgniter\Boot::bootWeb(Object(Config\Paths))
#12 {main}
CRITICAL - 2026-05-24 06:13:20 --> CodeIgniter\Database\Exceptions\DatabaseException: Unable to connect to the database.
Main connection [MySQLi]: MySQL server has gone away
[Method: GET, Route: /]
in SYSTEMPATH\Database\BaseConnection.php on line 606.
 1 SYSTEMPATH\Database\BaseConnection.php(795): CodeIgniter\Database\BaseConnection->initialize()
 2 SYSTEMPATH\Database\BaseBuilder.php(1647): CodeIgniter\Database\BaseConnection->query('SELECT *
FROM `vehiculos`
WHERE `vehiculos`.`deleted_at` IS NULL', [], false)
 3 SYSTEMPATH\Model.php(255): CodeIgniter\Database\BaseBuilder->get()
 4 SYSTEMPATH\BaseModel.php(676): CodeIgniter\Model->doFindAll(0, 0)
 5 APPPATH\Controllers\Inicio.php(13): CodeIgniter\BaseModel->findAll()
 6 SYSTEMPATH\CodeIgniter.php(974): App\Controllers\Inicio->index()
 7 SYSTEMPATH\CodeIgniter.php(520): CodeIgniter\CodeIgniter->runController(Object(App\Controllers\Inicio))
 8 SYSTEMPATH\CodeIgniter.php(363): CodeIgniter\CodeIgniter->handleRequest(null, Object(Config\Cache), false)
 9 SYSTEMPATH\Boot.php(417): CodeIgniter\CodeIgniter->run()
10 SYSTEMPATH\Boot.php(68): CodeIgniter\Boot::runCodeIgniter(Object(CodeIgniter\CodeIgniter))
11 FCPATH\index.php(59): CodeIgniter\Boot::bootWeb(Object(Config\Paths))
ERROR - 2026-05-24 06:16:36 --> Error connecting to the database: ErrorException: mysqli::real_connect(): Error while reading greeting packet. PID=23288 in C:\wamp64\www\MyCar-Codeigniter\system\Database\MySQLi\Connection.php:201
Stack trace:
#0 [internal function]: CodeIgniter\Debug\Exceptions->errorHandler(2, 'mysqli::real_co...', 'C:\\wamp64\\www\\M...', 201)
#1 C:\wamp64\www\MyCar-Codeigniter\system\Database\MySQLi\Connection.php(201): mysqli->real_connect('localhost', 'root', Object(SensitiveParameterValue), 'gestion-mycar', 8080, '', 0)
#2 C:\wamp64\www\MyCar-Codeigniter\system\Database\BaseConnection.php(555): CodeIgniter\Database\MySQLi\Connection->connect(false)
#3 C:\wamp64\www\MyCar-Codeigniter\system\Database\BaseConnection.php(795): CodeIgniter\Database\BaseConnection->initialize()
#4 C:\wamp64\www\MyCar-Codeigniter\system\Database\BaseBuilder.php(1647): CodeIgniter\Database\BaseConnection->query('SELECT *\nFROM `...', Array, false)
#5 C:\wamp64\www\MyCar-Codeigniter\system\Model.php(255): CodeIgniter\Database\BaseBuilder->get()
#6 C:\wamp64\www\MyCar-Codeigniter\system\BaseModel.php(676): CodeIgniter\Model->doFindAll(0, 0)
#7 C:\wamp64\www\MyCar-Codeigniter\app\Controllers\Inicio.php(13): CodeIgniter\BaseModel->findAll()
#8 C:\wamp64\www\MyCar-Codeigniter\system\CodeIgniter.php(974): App\Controllers\Inicio->index()
#9 C:\wamp64\www\MyCar-Codeigniter\system\CodeIgniter.php(520): CodeIgniter\CodeIgniter->runController(Object(App\Controllers\Inicio))
#10 C:\wamp64\www\MyCar-Codeigniter\system\CodeIgniter.php(363): CodeIgniter\CodeIgniter->handleRequest(NULL, Object(Config\Cache), false)
#11 C:\wamp64\www\MyCar-Codeigniter\system\Boot.php(417): CodeIgniter\CodeIgniter->run()
#12 C:\wamp64\www\MyCar-Codeigniter\system\Boot.php(68): CodeIgniter\Boot::runCodeIgniter(Object(CodeIgniter\CodeIgniter))
#13 C:\wamp64\www\MyCar-Codeigniter\public\index.php(59): CodeIgniter\Boot::bootWeb(Object(Config\Paths))
#14 {main}

Next mysqli_sql_exception: MySQL server has gone away in C:\wamp64\www\MyCar-Codeigniter\system\Database\MySQLi\Connection.php:201
Stack trace:
#0 C:\wamp64\www\MyCar-Codeigniter\system\Database\MySQLi\Connection.php(201): mysqli->real_connect('localhost', 'root', Object(SensitiveParameterValue), 'gestion-mycar', 8080, '', 0)
#1 C:\wamp64\www\MyCar-Codeigniter\system\Database\BaseConnection.php(555): CodeIgniter\Database\MySQLi\Connection->connect(false)
#2 C:\wamp64\www\MyCar-Codeigniter\system\Database\BaseConnection.php(795): CodeIgniter\Database\BaseConnection->initialize()
#3 C:\wamp64\www\MyCar-Codeigniter\system\Database\BaseBuilder.php(1647): CodeIgniter\Database\BaseConnection->query('SELECT *\nFROM `...', Array, false)
#4 C:\wamp64\www\MyCar-Codeigniter\system\Model.php(255): CodeIgniter\Database\BaseBuilder->get()
#5 C:\wamp64\www\MyCar-Codeigniter\system\BaseModel.php(676): CodeIgniter\Model->doFindAll(0, 0)
#6 C:\wamp64\www\MyCar-Codeigniter\app\Controllers\Inicio.php(13): CodeIgniter\BaseModel->findAll()
#7 C:\wamp64\www\MyCar-Codeigniter\system\CodeIgniter.php(974): App\Controllers\Inicio->index()
#8 C:\wamp64\www\MyCar-Codeigniter\system\CodeIgniter.php(520): CodeIgniter\CodeIgniter->runController(Object(App\Controllers\Inicio))
#9 C:\wamp64\www\MyCar-Codeigniter\system\CodeIgniter.php(363): CodeIgniter\CodeIgniter->handleRequest(NULL, Object(Config\Cache), false)
#10 C:\wamp64\www\MyCar-Codeigniter\system\Boot.php(417): CodeIgniter\CodeIgniter->run()
#11 C:\wamp64\www\MyCar-Codeigniter\system\Boot.php(68): CodeIgniter\Boot::runCodeIgniter(Object(CodeIgniter\CodeIgniter))
#12 C:\wamp64\www\MyCar-Codeigniter\public\index.php(59): CodeIgniter\Boot::bootWeb(Object(Config\Paths))
#13 {main}

Next CodeIgniter\Database\Exceptions\DatabaseException: MySQL server has gone away in C:\wamp64\www\MyCar-Codeigniter\system\Database\MySQLi\Connection.php:231
Stack trace:
#0 C:\wamp64\www\MyCar-Codeigniter\system\Database\BaseConnection.php(555): CodeIgniter\Database\MySQLi\Connection->connect(false)
#1 C:\wamp64\www\MyCar-Codeigniter\system\Database\BaseConnection.php(795): CodeIgniter\Database\BaseConnection->initialize()
#2 C:\wamp64\www\MyCar-Codeigniter\system\Database\BaseBuilder.php(1647): CodeIgniter\Database\BaseConnection->query('SELECT *\nFROM `...', Array, false)
#3 C:\wamp64\www\MyCar-Codeigniter\system\Model.php(255): CodeIgniter\Database\BaseBuilder->get()
#4 C:\wamp64\www\MyCar-Codeigniter\system\BaseModel.php(676): CodeIgniter\Model->doFindAll(0, 0)
#5 C:\wamp64\www\MyCar-Codeigniter\app\Controllers\Inicio.php(13): CodeIgniter\BaseModel->findAll()
#6 C:\wamp64\www\MyCar-Codeigniter\system\CodeIgniter.php(974): App\Controllers\Inicio->index()
#7 C:\wamp64\www\MyCar-Codeigniter\system\CodeIgniter.php(520): CodeIgniter\CodeIgniter->runController(Object(App\Controllers\Inicio))
#8 C:\wamp64\www\MyCar-Codeigniter\system\CodeIgniter.php(363): CodeIgniter\CodeIgniter->handleRequest(NULL, Object(Config\Cache), false)
#9 C:\wamp64\www\MyCar-Codeigniter\system\Boot.php(417): CodeIgniter\CodeIgniter->run()
#10 C:\wamp64\www\MyCar-Codeigniter\system\Boot.php(68): CodeIgniter\Boot::runCodeIgniter(Object(CodeIgniter\CodeIgniter))
#11 C:\wamp64\www\MyCar-Codeigniter\public\index.php(59): CodeIgniter\Boot::bootWeb(Object(Config\Paths))
#12 {main}
CRITICAL - 2026-05-24 06:16:36 --> CodeIgniter\Database\Exceptions\DatabaseException: Unable to connect to the database.
Main connection [MySQLi]: MySQL server has gone away
[Method: GET, Route: /]
in SYSTEMPATH\Database\BaseConnection.php on line 606.
 1 SYSTEMPATH\Database\BaseConnection.php(795): CodeIgniter\Database\BaseConnection->initialize()
 2 SYSTEMPATH\Database\BaseBuilder.php(1647): CodeIgniter\Database\BaseConnection->query('SELECT *
FROM `vehiculos`
WHERE `vehiculos`.`deleted_at` IS NULL', [], false)
 3 SYSTEMPATH\Model.php(255): CodeIgniter\Database\BaseBuilder->get()
 4 SYSTEMPATH\BaseModel.php(676): CodeIgniter\Model->doFindAll(0, 0)
 5 APPPATH\Controllers\Inicio.php(13): CodeIgniter\BaseModel->findAll()
 6 SYSTEMPATH\CodeIgniter.php(974): App\Controllers\Inicio->index()
 7 SYSTEMPATH\CodeIgniter.php(520): CodeIgniter\CodeIgniter->runController(Object(App\Controllers\Inicio))
 8 SYSTEMPATH\CodeIgniter.php(363): CodeIgniter\CodeIgniter->handleRequest(null, Object(Config\Cache), false)
 9 SYSTEMPATH\Boot.php(417): CodeIgniter\CodeIgniter->run()
10 SYSTEMPATH\Boot.php(68): CodeIgniter\Boot::runCodeIgniter(Object(CodeIgniter\CodeIgniter))
11 FCPATH\index.php(59): CodeIgniter\Boot::bootWeb(Object(Config\Paths))
ERROR - 2026-05-24 06:19:02 --> Error connecting to the database: ErrorException: mysqli::real_connect(): Error while reading greeting packet. PID=23288 in C:\wamp64\www\MyCar-Codeigniter\system\Database\MySQLi\Connection.php:201
Stack trace:
#0 [internal function]: CodeIgniter\Debug\Exceptions->errorHandler(2, 'mysqli::real_co...', 'C:\\wamp64\\www\\M...', 201)
#1 C:\wamp64\www\MyCar-Codeigniter\system\Database\MySQLi\Connection.php(201): mysqli->real_connect('localhost', 'root', Object(SensitiveParameterValue), 'gestion-mycar', 8080, '', 0)
#2 C:\wamp64\www\MyCar-Codeigniter\system\Database\BaseConnection.php(555): CodeIgniter\Database\MySQLi\Connection->connect(false)
#3 C:\wamp64\www\MyCar-Codeigniter\system\Database\BaseConnection.php(795): CodeIgniter\Database\BaseConnection->initialize()
#4 C:\wamp64\www\MyCar-Codeigniter\system\Database\BaseBuilder.php(1647): CodeIgniter\Database\BaseConnection->query('SELECT *\nFROM `...', Array, false)
#5 C:\wamp64\www\MyCar-Codeigniter\system\Model.php(255): CodeIgniter\Database\BaseBuilder->get()
#6 C:\wamp64\www\MyCar-Codeigniter\system\BaseModel.php(676): CodeIgniter\Model->doFindAll(0, 0)
#7 C:\wamp64\www\MyCar-Codeigniter\app\Controllers\Inicio.php(13): CodeIgniter\BaseModel->findAll()
#8 C:\wamp64\www\MyCar-Codeigniter\system\CodeIgniter.php(974): App\Controllers\Inicio->index()
#9 C:\wamp64\www\MyCar-Codeigniter\system\CodeIgniter.php(520): CodeIgniter\CodeIgniter->runController(Object(App\Controllers\Inicio))
#10 C:\wamp64\www\MyCar-Codeigniter\system\CodeIgniter.php(363): CodeIgniter\CodeIgniter->handleRequest(NULL, Object(Config\Cache), false)
#11 C:\wamp64\www\MyCar-Codeigniter\system\Boot.php(417): CodeIgniter\CodeIgniter->run()
#12 C:\wamp64\www\MyCar-Codeigniter\system\Boot.php(68): CodeIgniter\Boot::runCodeIgniter(Object(CodeIgniter\CodeIgniter))
#13 C:\wamp64\www\MyCar-Codeigniter\public\index.php(59): CodeIgniter\Boot::bootWeb(Object(Config\Paths))
#14 {main}

Next mysqli_sql_exception: MySQL server has gone away in C:\wamp64\www\MyCar-Codeigniter\system\Database\MySQLi\Connection.php:201
Stack trace:
#0 C:\wamp64\www\MyCar-Codeigniter\system\Database\MySQLi\Connection.php(201): mysqli->real_connect('localhost', 'root', Object(SensitiveParameterValue), 'gestion-mycar', 8080, '', 0)
#1 C:\wamp64\www\MyCar-Codeigniter\system\Database\BaseConnection.php(555): CodeIgniter\Database\MySQLi\Connection->connect(false)
#2 C:\wamp64\www\MyCar-Codeigniter\system\Database\BaseConnection.php(795): CodeIgniter\Database\BaseConnection->initialize()
#3 C:\wamp64\www\MyCar-Codeigniter\system\Database\BaseBuilder.php(1647): CodeIgniter\Database\BaseConnection->query('SELECT *\nFROM `...', Array, false)
#4 C:\wamp64\www\MyCar-Codeigniter\system\Model.php(255): CodeIgniter\Database\BaseBuilder->get()
#5 C:\wamp64\www\MyCar-Codeigniter\system\BaseModel.php(676): CodeIgniter\Model->doFindAll(0, 0)
#6 C:\wamp64\www\MyCar-Codeigniter\app\Controllers\Inicio.php(13): CodeIgniter\BaseModel->findAll()
#7 C:\wamp64\www\MyCar-Codeigniter\system\CodeIgniter.php(974): App\Controllers\Inicio->index()
#8 C:\wamp64\www\MyCar-Codeigniter\system\CodeIgniter.php(520): CodeIgniter\CodeIgniter->runController(Object(App\Controllers\Inicio))
#9 C:\wamp64\www\MyCar-Codeigniter\system\CodeIgniter.php(363): CodeIgniter\CodeIgniter->handleRequest(NULL, Object(Config\Cache), false)
#10 C:\wamp64\www\MyCar-Codeigniter\system\Boot.php(417): CodeIgniter\CodeIgniter->run()
#11 C:\wamp64\www\MyCar-Codeigniter\system\Boot.php(68): CodeIgniter\Boot::runCodeIgniter(Object(CodeIgniter\CodeIgniter))
#12 C:\wamp64\www\MyCar-Codeigniter\public\index.php(59): CodeIgniter\Boot::bootWeb(Object(Config\Paths))
#13 {main}

Next CodeIgniter\Database\Exceptions\DatabaseException: MySQL server has gone away in C:\wamp64\www\MyCar-Codeigniter\system\Database\MySQLi\Connection.php:231
Stack trace:
#0 C:\wamp64\www\MyCar-Codeigniter\system\Database\BaseConnection.php(555): CodeIgniter\Database\MySQLi\Connection->connect(false)
#1 C:\wamp64\www\MyCar-Codeigniter\system\Database\BaseConnection.php(795): CodeIgniter\Database\BaseConnection->initialize()
#2 C:\wamp64\www\MyCar-Codeigniter\system\Database\BaseBuilder.php(1647): CodeIgniter\Database\BaseConnection->query('SELECT *\nFROM `...', Array, false)
#3 C:\wamp64\www\MyCar-Codeigniter\system\Model.php(255): CodeIgniter\Database\BaseBuilder->get()
#4 C:\wamp64\www\MyCar-Codeigniter\system\BaseModel.php(676): CodeIgniter\Model->doFindAll(0, 0)
#5 C:\wamp64\www\MyCar-Codeigniter\app\Controllers\Inicio.php(13): CodeIgniter\BaseModel->findAll()
#6 C:\wamp64\www\MyCar-Codeigniter\system\CodeIgniter.php(974): App\Controllers\Inicio->index()
#7 C:\wamp64\www\MyCar-Codeigniter\system\CodeIgniter.php(520): CodeIgniter\CodeIgniter->runController(Object(App\Controllers\Inicio))
#8 C:\wamp64\www\MyCar-Codeigniter\system\CodeIgniter.php(363): CodeIgniter\CodeIgniter->handleRequest(NULL, Object(Config\Cache), false)
#9 C:\wamp64\www\MyCar-Codeigniter\system\Boot.php(417): CodeIgniter\CodeIgniter->run()
#10 C:\wamp64\www\MyCar-Codeigniter\system\Boot.php(68): CodeIgniter\Boot::runCodeIgniter(Object(CodeIgniter\CodeIgniter))
#11 C:\wamp64\www\MyCar-Codeigniter\public\index.php(59): CodeIgniter\Boot::bootWeb(Object(Config\Paths))
#12 {main}
CRITICAL - 2026-05-24 06:19:02 --> CodeIgniter\Database\Exceptions\DatabaseException: Unable to connect to the database.
Main connection [MySQLi]: MySQL server has gone away
[Method: GET, Route: /]
in SYSTEMPATH\Database\BaseConnection.php on line 606.
 1 SYSTEMPATH\Database\BaseConnection.php(795): CodeIgniter\Database\BaseConnection->initialize()
 2 SYSTEMPATH\Database\BaseBuilder.php(1647): CodeIgniter\Database\BaseConnection->query('SELECT *
FROM `vehiculos`
WHERE `vehiculos`.`deleted_at` IS NULL', [], false)
 3 SYSTEMPATH\Model.php(255): CodeIgniter\Database\BaseBuilder->get()
 4 SYSTEMPATH\BaseModel.php(676): CodeIgniter\Model->doFindAll(0, 0)
 5 APPPATH\Controllers\Inicio.php(13): CodeIgniter\BaseModel->findAll()
 6 SYSTEMPATH\CodeIgniter.php(974): App\Controllers\Inicio->index()
 7 SYSTEMPATH\CodeIgniter.php(520): CodeIgniter\CodeIgniter->runController(Object(App\Controllers\Inicio))
 8 SYSTEMPATH\CodeIgniter.php(363): CodeIgniter\CodeIgniter->handleRequest(null, Object(Config\Cache), false)
 9 SYSTEMPATH\Boot.php(417): CodeIgniter\CodeIgniter->run()
10 SYSTEMPATH\Boot.php(68): CodeIgniter\Boot::runCodeIgniter(Object(CodeIgniter\CodeIgniter))
11 FCPATH\index.php(59): CodeIgniter\Boot::bootWeb(Object(Config\Paths))
DEBUG - 2026-05-24 06:51:50 --> Session: Class initialized using 'CodeIgniter\Session\Handlers\FileHandler' driver.
DEBUG - 2026-05-24 06:51:54 --> Session: Class initialized using 'CodeIgniter\Session\Handlers\FileHandler' driver.
