DEBUG - 2026-05-26 00:12:07 --> Session: Class initialized using 'CodeIgniter\Session\Handlers\FileHandler' driver.
DEBUG - 2026-05-26 00:12:08 --> Session: Class initialized using 'CodeIgniter\Session\Handlers\FileHandler' driver.
ERROR - 2026-05-26 00:12:08 --> Unknown column 'vehiculos.transmision' in 'field list'
in SYSTEMPATH\Database\MySQLi\Connection.php on line 300.
 1 SYSTEMPATH\Database\MySQLi\Connection.php(300): mysqli->query('SELECT `alquileres`.*, `vehiculos`.`marca`, `vehiculos`.`modelo`, `vehiculos`.`anio`, `vehiculos`.`imagen`, `vehiculos`.`tipo_vehiculo`, `vehiculos`.`numero_plazas`, `vehiculos`.`kilometraje`, `vehiculos`.`transmision`, `vehiculos`.`combustible`, `vehiculos`.`precio_alquiler_dia`
FROM `alquileres`
JOIN `vehiculos` ON `vehiculos`.`id_vehiculo` = `alquileres`.`id_vehiculo`
WHERE `alquileres`.`id_alquiler` = \'1\'
AND `alquileres`.`id_usuario` = \'2\'
 LIMIT 1', 0)
 2 SYSTEMPATH\Database\BaseConnection.php(908): CodeIgniter\Database\MySQLi\Connection->execute('SELECT `alquileres`.*, `vehiculos`.`marca`, `vehiculos`.`modelo`, `vehiculos`.`anio`, `vehiculos`.`imagen`, `vehiculos`.`tipo_vehiculo`, `vehiculos`.`numero_plazas`, `vehiculos`.`kilometraje`, `vehiculos`.`transmision`, `vehiculos`.`combustible`, `vehiculos`.`precio_alquiler_dia`
FROM `alquileres`
JOIN `vehiculos` ON `vehiculos`.`id_vehiculo` = `alquileres`.`id_vehiculo`
WHERE `alquileres`.`id_alquiler` = \'1\'
AND `alquileres`.`id_usuario` = \'2\'
 LIMIT 1')
 3 SYSTEMPATH\Database\BaseConnection.php(825): CodeIgniter\Database\BaseConnection->simpleQuery('SELECT `alquileres`.*, `vehiculos`.`marca`, `vehiculos`.`modelo`, `vehiculos`.`anio`, `vehiculos`.`imagen`, `vehiculos`.`tipo_vehiculo`, `vehiculos`.`numero_plazas`, `vehiculos`.`kilometraje`, `vehiculos`.`transmision`, `vehiculos`.`combustible`, `vehiculos`.`precio_alquiler_dia`
FROM `alquileres`
JOIN `vehiculos` ON `vehiculos`.`id_vehiculo` = `alquileres`.`id_vehiculo`
WHERE `alquileres`.`id_alquiler` = \'1\'
AND `alquileres`.`id_usuario` = \'2\'
 LIMIT 1')
 4 SYSTEMPATH\Database\BaseBuilder.php(1647): CodeIgniter\Database\BaseConnection->query('SELECT `alquileres`.*, `vehiculos`.`marca`, `vehiculos`.`modelo`, `vehiculos`.`anio`, `vehiculos`.`imagen`, `vehiculos`.`tipo_vehiculo`, `vehiculos`.`numero_plazas`, `vehiculos`.`kilometraje`, `vehiculos`.`transmision`, `vehiculos`.`combustible`, `vehiculos`.`precio_alquiler_dia`
FROM `alquileres`
JOIN `vehiculos` ON `vehiculos`.`id_vehiculo` = `alquileres`.`id_vehiculo`
WHERE `alquileres`.`id_alquiler` = :alquileres.id_alquiler:
AND `alquileres`.`id_usuario` = :alquileres.id_usuario:
 LIMIT 1', [...], false)
 5 SYSTEMPATH\Model.php(297): CodeIgniter\Database\BaseBuilder->get()
 6 SYSTEMPATH\BaseModel.php(714): CodeIgniter\Model->doFirst()
 7 APPPATH\Controllers\Alquileres.php(161): CodeIgniter\BaseModel->first()
 8 SYSTEMPATH\CodeIgniter.php(974): App\Controllers\Alquileres->verResumen('1')
 9 SYSTEMPATH\CodeIgniter.php(520): CodeIgniter\CodeIgniter->runController(Object(App\Controllers\Alquileres))
10 SYSTEMPATH\CodeIgniter.php(363): CodeIgniter\CodeIgniter->handleRequest(null, Object(Config\Cache), false)
11 SYSTEMPATH\Boot.php(417): CodeIgniter\CodeIgniter->run()
12 SYSTEMPATH\Boot.php(68): CodeIgniter\Boot::runCodeIgniter(Object(CodeIgniter\CodeIgniter))
13 FCPATH\index.php(59): CodeIgniter\Boot::bootWeb(Object(Config\Paths))
CRITICAL - 2026-05-26 00:12:08 --> CodeIgniter\Database\Exceptions\DatabaseException: Unknown column 'vehiculos.transmision' in 'field list'
[Method: GET, Route: mis-alquileres/resumen/1]
in SYSTEMPATH\Database\BaseConnection.php on line 863.
 1 SYSTEMPATH\Database\BaseBuilder.php(1647): CodeIgniter\Database\BaseConnection->query('SELECT `alquileres`.*, `vehiculos`.`marca`, `vehiculos`.`modelo`, `vehiculos`.`anio`, `vehiculos`.`imagen`, `vehiculos`.`tipo_vehiculo`, `vehiculos`.`numero_plazas`, `vehiculos`.`kilometraje`, `vehiculos`.`transmision`, `vehiculos`.`combustible`, `vehiculos`.`precio_alquiler_dia`
FROM `alquileres`
JOIN `vehiculos` ON `vehiculos`.`id_vehiculo` = `alquileres`.`id_vehiculo`
WHERE `alquileres`.`id_alquiler` = :alquileres.id_alquiler:
AND `alquileres`.`id_usuario` = :alquileres.id_usuario:
 LIMIT 1', [...], false)
 2 SYSTEMPATH\Model.php(297): CodeIgniter\Database\BaseBuilder->get()
 3 SYSTEMPATH\BaseModel.php(714): CodeIgniter\Model->doFirst()
 4 APPPATH\Controllers\Alquileres.php(161): CodeIgniter\BaseModel->first()
 5 SYSTEMPATH\CodeIgniter.php(974): App\Controllers\Alquileres->verResumen('1')
 6 SYSTEMPATH\CodeIgniter.php(520): CodeIgniter\CodeIgniter->runController(Object(App\Controllers\Alquileres))
 7 SYSTEMPATH\CodeIgniter.php(363): CodeIgniter\CodeIgniter->handleRequest(null, Object(Config\Cache), false)
 8 SYSTEMPATH\Boot.php(417): CodeIgniter\CodeIgniter->run()
 9 SYSTEMPATH\Boot.php(68): CodeIgniter\Boot::runCodeIgniter(Object(CodeIgniter\CodeIgniter))
10 FCPATH\index.php(59): CodeIgniter\Boot::bootWeb(Object(Config\Paths))
CRITICAL - 2026-05-26 00:12:08 --> [Caused by] CodeIgniter\Database\Exceptions\DatabaseException: Unknown column 'vehiculos.transmision' in 'field list'
in SYSTEMPATH\Database\MySQLi\Connection.php on line 310.
 1 SYSTEMPATH\Database\BaseConnection.php(908): CodeIgniter\Database\MySQLi\Connection->execute('SELECT `alquileres`.*, `vehiculos`.`marca`, `vehiculos`.`modelo`, `vehiculos`.`anio`, `vehiculos`.`imagen`, `vehiculos`.`tipo_vehiculo`, `vehiculos`.`numero_plazas`, `vehiculos`.`kilometraje`, `vehiculos`.`transmision`, `vehiculos`.`combustible`, `vehiculos`.`precio_alquiler_dia`
FROM `alquileres`
JOIN `vehiculos` ON `vehiculos`.`id_vehiculo` = `alquileres`.`id_vehiculo`
WHERE `alquileres`.`id_alquiler` = \'1\'
AND `alquileres`.`id_usuario` = \'2\'
 LIMIT 1')
 2 SYSTEMPATH\Database\BaseConnection.php(825): CodeIgniter\Database\BaseConnection->simpleQuery('SELECT `alquileres`.*, `vehiculos`.`marca`, `vehiculos`.`modelo`, `vehiculos`.`anio`, `vehiculos`.`imagen`, `vehiculos`.`tipo_vehiculo`, `vehiculos`.`numero_plazas`, `vehiculos`.`kilometraje`, `vehiculos`.`transmision`, `vehiculos`.`combustible`, `vehiculos`.`precio_alquiler_dia`
FROM `alquileres`
JOIN `vehiculos` ON `vehiculos`.`id_vehiculo` = `alquileres`.`id_vehiculo`
WHERE `alquileres`.`id_alquiler` = \'1\'
AND `alquileres`.`id_usuario` = \'2\'
 LIMIT 1')
 3 SYSTEMPATH\Database\BaseBuilder.php(1647): CodeIgniter\Database\BaseConnection->query('SELECT `alquileres`.*, `vehiculos`.`marca`, `vehiculos`.`modelo`, `vehiculos`.`anio`, `vehiculos`.`imagen`, `vehiculos`.`tipo_vehiculo`, `vehiculos`.`numero_plazas`, `vehiculos`.`kilometraje`, `vehiculos`.`transmision`, `vehiculos`.`combustible`, `vehiculos`.`precio_alquiler_dia`
FROM `alquileres`
JOIN `vehiculos` ON `vehiculos`.`id_vehiculo` = `alquileres`.`id_vehiculo`
WHERE `alquileres`.`id_alquiler` = :alquileres.id_alquiler:
AND `alquileres`.`id_usuario` = :alquileres.id_usuario:
 LIMIT 1', [...], false)
 4 SYSTEMPATH\Model.php(297): CodeIgniter\Database\BaseBuilder->get()
 5 SYSTEMPATH\BaseModel.php(714): CodeIgniter\Model->doFirst()
 6 APPPATH\Controllers\Alquileres.php(161): CodeIgniter\BaseModel->first()
 7 SYSTEMPATH\CodeIgniter.php(974): App\Controllers\Alquileres->verResumen('1')
 8 SYSTEMPATH\CodeIgniter.php(520): CodeIgniter\CodeIgniter->runController(Object(App\Controllers\Alquileres))
 9 SYSTEMPATH\CodeIgniter.php(363): CodeIgniter\CodeIgniter->handleRequest(null, Object(Config\Cache), false)
10 SYSTEMPATH\Boot.php(417): CodeIgniter\CodeIgniter->run()
11 SYSTEMPATH\Boot.php(68): CodeIgniter\Boot::runCodeIgniter(Object(CodeIgniter\CodeIgniter))
12 FCPATH\index.php(59): CodeIgniter\Boot::bootWeb(Object(Config\Paths))
CRITICAL - 2026-05-26 00:12:08 --> [Caused by] mysqli_sql_exception: Unknown column 'vehiculos.transmision' in 'field list'
in SYSTEMPATH\Database\MySQLi\Connection.php on line 300.
 1 SYSTEMPATH\Database\MySQLi\Connection.php(300): mysqli->query('SELECT `alquileres`.*, `vehiculos`.`marca`, `vehiculos`.`modelo`, `vehiculos`.`anio`, `vehiculos`.`imagen`, `vehiculos`.`tipo_vehiculo`, `vehiculos`.`numero_plazas`, `vehiculos`.`kilometraje`, `vehiculos`.`transmision`, `vehiculos`.`combustible`, `vehiculos`.`precio_alquiler_dia`
FROM `alquileres`
JOIN `vehiculos` ON `vehiculos`.`id_vehiculo` = `alquileres`.`id_vehiculo`
WHERE `alquileres`.`id_alquiler` = \'1\'
AND `alquileres`.`id_usuario` = \'2\'
 LIMIT 1', 0)
 2 SYSTEMPATH\Database\BaseConnection.php(908): CodeIgniter\Database\MySQLi\Connection->execute('SELECT `alquileres`.*, `vehiculos`.`marca`, `vehiculos`.`modelo`, `vehiculos`.`anio`, `vehiculos`.`imagen`, `vehiculos`.`tipo_vehiculo`, `vehiculos`.`numero_plazas`, `vehiculos`.`kilometraje`, `vehiculos`.`transmision`, `vehiculos`.`combustible`, `vehiculos`.`precio_alquiler_dia`
FROM `alquileres`
JOIN `vehiculos` ON `vehiculos`.`id_vehiculo` = `alquileres`.`id_vehiculo`
WHERE `alquileres`.`id_alquiler` = \'1\'
AND `alquileres`.`id_usuario` = \'2\'
 LIMIT 1')
 3 SYSTEMPATH\Database\BaseConnection.php(825): CodeIgniter\Database\BaseConnection->simpleQuery('SELECT `alquileres`.*, `vehiculos`.`marca`, `vehiculos`.`modelo`, `vehiculos`.`anio`, `vehiculos`.`imagen`, `vehiculos`.`tipo_vehiculo`, `vehiculos`.`numero_plazas`, `vehiculos`.`kilometraje`, `vehiculos`.`transmision`, `vehiculos`.`combustible`, `vehiculos`.`precio_alquiler_dia`
FROM `alquileres`
JOIN `vehiculos` ON `vehiculos`.`id_vehiculo` = `alquileres`.`id_vehiculo`
WHERE `alquileres`.`id_alquiler` = \'1\'
AND `alquileres`.`id_usuario` = \'2\'
 LIMIT 1')
 4 SYSTEMPATH\Database\BaseBuilder.php(1647): CodeIgniter\Database\BaseConnection->query('SELECT `alquileres`.*, `vehiculos`.`marca`, `vehiculos`.`modelo`, `vehiculos`.`anio`, `vehiculos`.`imagen`, `vehiculos`.`tipo_vehiculo`, `vehiculos`.`numero_plazas`, `vehiculos`.`kilometraje`, `vehiculos`.`transmision`, `vehiculos`.`combustible`, `vehiculos`.`precio_alquiler_dia`
FROM `alquileres`
JOIN `vehiculos` ON `vehiculos`.`id_vehiculo` = `alquileres`.`id_vehiculo`
WHERE `alquileres`.`id_alquiler` = :alquileres.id_alquiler:
AND `alquileres`.`id_usuario` = :alquileres.id_usuario:
 LIMIT 1', [...], false)
 5 SYSTEMPATH\Model.php(297): CodeIgniter\Database\BaseBuilder->get()
 6 SYSTEMPATH\BaseModel.php(714): CodeIgniter\Model->doFirst()
 7 APPPATH\Controllers\Alquileres.php(161): CodeIgniter\BaseModel->first()
 8 SYSTEMPATH\CodeIgniter.php(974): App\Controllers\Alquileres->verResumen('1')
 9 SYSTEMPATH\CodeIgniter.php(520): CodeIgniter\CodeIgniter->runController(Object(App\Controllers\Alquileres))
10 SYSTEMPATH\CodeIgniter.php(363): CodeIgniter\CodeIgniter->handleRequest(null, Object(Config\Cache), false)
11 SYSTEMPATH\Boot.php(417): CodeIgniter\CodeIgniter->run()
12 SYSTEMPATH\Boot.php(68): CodeIgniter\Boot::runCodeIgniter(Object(CodeIgniter\CodeIgniter))
13 FCPATH\index.php(59): CodeIgniter\Boot::bootWeb(Object(Config\Paths))
DEBUG - 2026-05-26 00:12:27 --> Session: Class initialized using 'CodeIgniter\Session\Handlers\FileHandler' driver.
DEBUG - 2026-05-26 00:12:33 --> Session: Class initialized using 'CodeIgniter\Session\Handlers\FileHandler' driver.
ERROR - 2026-05-26 00:12:33 --> Unknown column 'vehiculos.transmision' in 'field list'
in SYSTEMPATH\Database\MySQLi\Connection.php on line 300.
 1 SYSTEMPATH\Database\MySQLi\Connection.php(300): mysqli->query('SELECT `alquileres`.*, `vehiculos`.`marca`, `vehiculos`.`modelo`, `vehiculos`.`anio`, `vehiculos`.`imagen`, `vehiculos`.`tipo_vehiculo`, `vehiculos`.`numero_plazas`, `vehiculos`.`kilometraje`, `vehiculos`.`transmision`, `vehiculos`.`combustible`, `vehiculos`.`precio_alquiler_dia`
FROM `alquileres`
JOIN `vehiculos` ON `vehiculos`.`id_vehiculo` = `alquileres`.`id_vehiculo`
WHERE `alquileres`.`id_alquiler` = \'1\'
AND `alquileres`.`id_usuario` = \'2\'
 LIMIT 1', 0)
 2 SYSTEMPATH\Database\BaseConnection.php(908): CodeIgniter\Database\MySQLi\Connection->execute('SELECT `alquileres`.*, `vehiculos`.`marca`, `vehiculos`.`modelo`, `vehiculos`.`anio`, `vehiculos`.`imagen`, `vehiculos`.`tipo_vehiculo`, `vehiculos`.`numero_plazas`, `vehiculos`.`kilometraje`, `vehiculos`.`transmision`, `vehiculos`.`combustible`, `vehiculos`.`precio_alquiler_dia`
FROM `alquileres`
JOIN `vehiculos` ON `vehiculos`.`id_vehiculo` = `alquileres`.`id_vehiculo`
WHERE `alquileres`.`id_alquiler` = \'1\'
AND `alquileres`.`id_usuario` = \'2\'
 LIMIT 1')
 3 SYSTEMPATH\Database\BaseConnection.php(825): CodeIgniter\Database\BaseConnection->simpleQuery('SELECT `alquileres`.*, `vehiculos`.`marca`, `vehiculos`.`modelo`, `vehiculos`.`anio`, `vehiculos`.`imagen`, `vehiculos`.`tipo_vehiculo`, `vehiculos`.`numero_plazas`, `vehiculos`.`kilometraje`, `vehiculos`.`transmision`, `vehiculos`.`combustible`, `vehiculos`.`precio_alquiler_dia`
FROM `alquileres`
JOIN `vehiculos` ON `vehiculos`.`id_vehiculo` = `alquileres`.`id_vehiculo`
WHERE `alquileres`.`id_alquiler` = \'1\'
AND `alquileres`.`id_usuario` = \'2\'
 LIMIT 1')
 4 SYSTEMPATH\Database\BaseBuilder.php(1647): CodeIgniter\Database\BaseConnection->query('SELECT `alquileres`.*, `vehiculos`.`marca`, `vehiculos`.`modelo`, `vehiculos`.`anio`, `vehiculos`.`imagen`, `vehiculos`.`tipo_vehiculo`, `vehiculos`.`numero_plazas`, `vehiculos`.`kilometraje`, `vehiculos`.`transmision`, `vehiculos`.`combustible`, `vehiculos`.`precio_alquiler_dia`
FROM `alquileres`
JOIN `vehiculos` ON `vehiculos`.`id_vehiculo` = `alquileres`.`id_vehiculo`
WHERE `alquileres`.`id_alquiler` = :alquileres.id_alquiler:
AND `alquileres`.`id_usuario` = :alquileres.id_usuario:
 LIMIT 1', [...], false)
 5 SYSTEMPATH\Model.php(297): CodeIgniter\Database\BaseBuilder->get()
 6 SYSTEMPATH\BaseModel.php(714): CodeIgniter\Model->doFirst()
 7 APPPATH\Controllers\Alquileres.php(161): CodeIgniter\BaseModel->first()
 8 SYSTEMPATH\CodeIgniter.php(974): App\Controllers\Alquileres->verResumen('1')
 9 SYSTEMPATH\CodeIgniter.php(520): CodeIgniter\CodeIgniter->runController(Object(App\Controllers\Alquileres))
10 SYSTEMPATH\CodeIgniter.php(363): CodeIgniter\CodeIgniter->handleRequest(null, Object(Config\Cache), false)
11 SYSTEMPATH\Boot.php(417): CodeIgniter\CodeIgniter->run()
12 SYSTEMPATH\Boot.php(68): CodeIgniter\Boot::runCodeIgniter(Object(CodeIgniter\CodeIgniter))
13 FCPATH\index.php(59): CodeIgniter\Boot::bootWeb(Object(Config\Paths))
CRITICAL - 2026-05-26 00:12:33 --> CodeIgniter\Database\Exceptions\DatabaseException: Unknown column 'vehiculos.transmision' in 'field list'
[Method: GET, Route: mis-alquileres/resumen/1]
in SYSTEMPATH\Database\BaseConnection.php on line 863.
 1 SYSTEMPATH\Database\BaseBuilder.php(1647): CodeIgniter\Database\BaseConnection->query('SELECT `alquileres`.*, `vehiculos`.`marca`, `vehiculos`.`modelo`, `vehiculos`.`anio`, `vehiculos`.`imagen`, `vehiculos`.`tipo_vehiculo`, `vehiculos`.`numero_plazas`, `vehiculos`.`kilometraje`, `vehiculos`.`transmision`, `vehiculos`.`combustible`, `vehiculos`.`precio_alquiler_dia`
FROM `alquileres`
JOIN `vehiculos` ON `vehiculos`.`id_vehiculo` = `alquileres`.`id_vehiculo`
WHERE `alquileres`.`id_alquiler` = :alquileres.id_alquiler:
AND `alquileres`.`id_usuario` = :alquileres.id_usuario:
 LIMIT 1', [...], false)
 2 SYSTEMPATH\Model.php(297): CodeIgniter\Database\BaseBuilder->get()
 3 SYSTEMPATH\BaseModel.php(714): CodeIgniter\Model->doFirst()
 4 APPPATH\Controllers\Alquileres.php(161): CodeIgniter\BaseModel->first()
 5 SYSTEMPATH\CodeIgniter.php(974): App\Controllers\Alquileres->verResumen('1')
 6 SYSTEMPATH\CodeIgniter.php(520): CodeIgniter\CodeIgniter->runController(Object(App\Controllers\Alquileres))
 7 SYSTEMPATH\CodeIgniter.php(363): CodeIgniter\CodeIgniter->handleRequest(null, Object(Config\Cache), false)
 8 SYSTEMPATH\Boot.php(417): CodeIgniter\CodeIgniter->run()
 9 SYSTEMPATH\Boot.php(68): CodeIgniter\Boot::runCodeIgniter(Object(CodeIgniter\CodeIgniter))
10 FCPATH\index.php(59): CodeIgniter\Boot::bootWeb(Object(Config\Paths))
CRITICAL - 2026-05-26 00:12:33 --> [Caused by] CodeIgniter\Database\Exceptions\DatabaseException: Unknown column 'vehiculos.transmision' in 'field list'
in SYSTEMPATH\Database\MySQLi\Connection.php on line 310.
 1 SYSTEMPATH\Database\BaseConnection.php(908): CodeIgniter\Database\MySQLi\Connection->execute('SELECT `alquileres`.*, `vehiculos`.`marca`, `vehiculos`.`modelo`, `vehiculos`.`anio`, `vehiculos`.`imagen`, `vehiculos`.`tipo_vehiculo`, `vehiculos`.`numero_plazas`, `vehiculos`.`kilometraje`, `vehiculos`.`transmision`, `vehiculos`.`combustible`, `vehiculos`.`precio_alquiler_dia`
FROM `alquileres`
JOIN `vehiculos` ON `vehiculos`.`id_vehiculo` = `alquileres`.`id_vehiculo`
WHERE `alquileres`.`id_alquiler` = \'1\'
AND `alquileres`.`id_usuario` = \'2\'
 LIMIT 1')
 2 SYSTEMPATH\Database\BaseConnection.php(825): CodeIgniter\Database\BaseConnection->simpleQuery('SELECT `alquileres`.*, `vehiculos`.`marca`, `vehiculos`.`modelo`, `vehiculos`.`anio`, `vehiculos`.`imagen`, `vehiculos`.`tipo_vehiculo`, `vehiculos`.`numero_plazas`, `vehiculos`.`kilometraje`, `vehiculos`.`transmision`, `vehiculos`.`combustible`, `vehiculos`.`precio_alquiler_dia`
FROM `alquileres`
JOIN `vehiculos` ON `vehiculos`.`id_vehiculo` = `alquileres`.`id_vehiculo`
WHERE `alquileres`.`id_alquiler` = \'1\'
AND `alquileres`.`id_usuario` = \'2\'
 LIMIT 1')
 3 SYSTEMPATH\Database\BaseBuilder.php(1647): CodeIgniter\Database\BaseConnection->query('SELECT `alquileres`.*, `vehiculos`.`marca`, `vehiculos`.`modelo`, `vehiculos`.`anio`, `vehiculos`.`imagen`, `vehiculos`.`tipo_vehiculo`, `vehiculos`.`numero_plazas`, `vehiculos`.`kilometraje`, `vehiculos`.`transmision`, `vehiculos`.`combustible`, `vehiculos`.`precio_alquiler_dia`
FROM `alquileres`
JOIN `vehiculos` ON `vehiculos`.`id_vehiculo` = `alquileres`.`id_vehiculo`
WHERE `alquileres`.`id_alquiler` = :alquileres.id_alquiler:
AND `alquileres`.`id_usuario` = :alquileres.id_usuario:
 LIMIT 1', [...], false)
 4 SYSTEMPATH\Model.php(297): CodeIgniter\Database\BaseBuilder->get()
 5 SYSTEMPATH\BaseModel.php(714): CodeIgniter\Model->doFirst()
 6 APPPATH\Controllers\Alquileres.php(161): CodeIgniter\BaseModel->first()
 7 SYSTEMPATH\CodeIgniter.php(974): App\Controllers\Alquileres->verResumen('1')
 8 SYSTEMPATH\CodeIgniter.php(520): CodeIgniter\CodeIgniter->runController(Object(App\Controllers\Alquileres))
 9 SYSTEMPATH\CodeIgniter.php(363): CodeIgniter\CodeIgniter->handleRequest(null, Object(Config\Cache), false)
10 SYSTEMPATH\Boot.php(417): CodeIgniter\CodeIgniter->run()
11 SYSTEMPATH\Boot.php(68): CodeIgniter\Boot::runCodeIgniter(Object(CodeIgniter\CodeIgniter))
12 FCPATH\index.php(59): CodeIgniter\Boot::bootWeb(Object(Config\Paths))
CRITICAL - 2026-05-26 00:12:33 --> [Caused by] mysqli_sql_exception: Unknown column 'vehiculos.transmision' in 'field list'
in SYSTEMPATH\Database\MySQLi\Connection.php on line 300.
 1 SYSTEMPATH\Database\MySQLi\Connection.php(300): mysqli->query('SELECT `alquileres`.*, `vehiculos`.`marca`, `vehiculos`.`modelo`, `vehiculos`.`anio`, `vehiculos`.`imagen`, `vehiculos`.`tipo_vehiculo`, `vehiculos`.`numero_plazas`, `vehiculos`.`kilometraje`, `vehiculos`.`transmision`, `vehiculos`.`combustible`, `vehiculos`.`precio_alquiler_dia`
FROM `alquileres`
JOIN `vehiculos` ON `vehiculos`.`id_vehiculo` = `alquileres`.`id_vehiculo`
WHERE `alquileres`.`id_alquiler` = \'1\'
AND `alquileres`.`id_usuario` = \'2\'
 LIMIT 1', 0)
 2 SYSTEMPATH\Database\BaseConnection.php(908): CodeIgniter\Database\MySQLi\Connection->execute('SELECT `alquileres`.*, `vehiculos`.`marca`, `vehiculos`.`modelo`, `vehiculos`.`anio`, `vehiculos`.`imagen`, `vehiculos`.`tipo_vehiculo`, `vehiculos`.`numero_plazas`, `vehiculos`.`kilometraje`, `vehiculos`.`transmision`, `vehiculos`.`combustible`, `vehiculos`.`precio_alquiler_dia`
FROM `alquileres`
JOIN `vehiculos` ON `vehiculos`.`id_vehiculo` = `alquileres`.`id_vehiculo`
WHERE `alquileres`.`id_alquiler` = \'1\'
AND `alquileres`.`id_usuario` = \'2\'
 LIMIT 1')
 3 SYSTEMPATH\Database\BaseConnection.php(825): CodeIgniter\Database\BaseConnection->simpleQuery('SELECT `alquileres`.*, `vehiculos`.`marca`, `vehiculos`.`modelo`, `vehiculos`.`anio`, `vehiculos`.`imagen`, `vehiculos`.`tipo_vehiculo`, `vehiculos`.`numero_plazas`, `vehiculos`.`kilometraje`, `vehiculos`.`transmision`, `vehiculos`.`combustible`, `vehiculos`.`precio_alquiler_dia`
FROM `alquileres`
JOIN `vehiculos` ON `vehiculos`.`id_vehiculo` = `alquileres`.`id_vehiculo`
WHERE `alquileres`.`id_alquiler` = \'1\'
AND `alquileres`.`id_usuario` = \'2\'
 LIMIT 1')
 4 SYSTEMPATH\Database\BaseBuilder.php(1647): CodeIgniter\Database\BaseConnection->query('SELECT `alquileres`.*, `vehiculos`.`marca`, `vehiculos`.`modelo`, `vehiculos`.`anio`, `vehiculos`.`imagen`, `vehiculos`.`tipo_vehiculo`, `vehiculos`.`numero_plazas`, `vehiculos`.`kilometraje`, `vehiculos`.`transmision`, `vehiculos`.`combustible`, `vehiculos`.`precio_alquiler_dia`
FROM `alquileres`
JOIN `vehiculos` ON `vehiculos`.`id_vehiculo` = `alquileres`.`id_vehiculo`
WHERE `alquileres`.`id_alquiler` = :alquileres.id_alquiler:
AND `alquileres`.`id_usuario` = :alquileres.id_usuario:
 LIMIT 1', [...], false)
 5 SYSTEMPATH\Model.php(297): CodeIgniter\Database\BaseBuilder->get()
 6 SYSTEMPATH\BaseModel.php(714): CodeIgniter\Model->doFirst()
 7 APPPATH\Controllers\Alquileres.php(161): CodeIgniter\BaseModel->first()
 8 SYSTEMPATH\CodeIgniter.php(974): App\Controllers\Alquileres->verResumen('1')
 9 SYSTEMPATH\CodeIgniter.php(520): CodeIgniter\CodeIgniter->runController(Object(App\Controllers\Alquileres))
10 SYSTEMPATH\CodeIgniter.php(363): CodeIgniter\CodeIgniter->handleRequest(null, Object(Config\Cache), false)
11 SYSTEMPATH\Boot.php(417): CodeIgniter\CodeIgniter->run()
12 SYSTEMPATH\Boot.php(68): CodeIgniter\Boot::runCodeIgniter(Object(CodeIgniter\CodeIgniter))
13 FCPATH\index.php(59): CodeIgniter\Boot::bootWeb(Object(Config\Paths))
DEBUG - 2026-05-26 00:14:28 --> Session: Class initialized using 'CodeIgniter\Session\Handlers\FileHandler' driver.
CRITICAL - 2026-05-26 00:14:28 --> Error: Class "App\Controllers\DateTime" not found
[Method: GET, Route: mis-alquileres/resumen/1]
in APPPATH\Controllers\Alquileres.php on line 168.
 1 SYSTEMPATH\CodeIgniter.php(974): App\Controllers\Alquileres->verResumen('1')
 2 SYSTEMPATH\CodeIgniter.php(520): CodeIgniter\CodeIgniter->runController(Object(App\Controllers\Alquileres))
 3 SYSTEMPATH\CodeIgniter.php(363): CodeIgniter\CodeIgniter->handleRequest(null, Object(Config\Cache), false)
 4 SYSTEMPATH\Boot.php(417): CodeIgniter\CodeIgniter->run()
 5 SYSTEMPATH\Boot.php(68): CodeIgniter\Boot::runCodeIgniter(Object(CodeIgniter\CodeIgniter))
 6 FCPATH\index.php(59): CodeIgniter\Boot::bootWeb(Object(Config\Paths))
DEBUG - 2026-05-26 00:15:17 --> Session: Class initialized using 'CodeIgniter\Session\Handlers\FileHandler' driver.
DEBUG - 2026-05-26 00:15:19 --> Session: Class initialized using 'CodeIgniter\Session\Handlers\FileHandler' driver.
CRITICAL - 2026-05-26 00:15:19 --> Error: Class "App\Controllers\DateTime" not found
[Method: GET, Route: mis-alquileres/resumen/1]
in APPPATH\Controllers\Alquileres.php on line 168.
 1 SYSTEMPATH\CodeIgniter.php(974): App\Controllers\Alquileres->verResumen('1')
 2 SYSTEMPATH\CodeIgniter.php(520): CodeIgniter\CodeIgniter->runController(Object(App\Controllers\Alquileres))
 3 SYSTEMPATH\CodeIgniter.php(363): CodeIgniter\CodeIgniter->handleRequest(null, Object(Config\Cache), false)
 4 SYSTEMPATH\Boot.php(417): CodeIgniter\CodeIgniter->run()
 5 SYSTEMPATH\Boot.php(68): CodeIgniter\Boot::runCodeIgniter(Object(CodeIgniter\CodeIgniter))
 6 FCPATH\index.php(59): CodeIgniter\Boot::bootWeb(Object(Config\Paths))
DEBUG - 2026-05-26 00:21:10 --> Session: Class initialized using 'CodeIgniter\Session\Handlers\FileHandler' driver.
DEBUG - 2026-05-26 00:21:11 --> Session: Class initialized using 'CodeIgniter\Session\Handlers\FileHandler' driver.
DEBUG - 2026-05-26 00:21:14 --> Session: Class initialized using 'CodeIgniter\Session\Handlers\FileHandler' driver.
DEBUG - 2026-05-26 00:21:18 --> Session: Class initialized using 'CodeIgniter\Session\Handlers\FileHandler' driver.
DEBUG - 2026-05-26 00:21:21 --> Session: Class initialized using 'CodeIgniter\Session\Handlers\FileHandler' driver.
DEBUG - 2026-05-26 00:21:30 --> Session: Class initialized using 'CodeIgniter\Session\Handlers\FileHandler' driver.
DEBUG - 2026-05-26 00:21:46 --> Session: Class initialized using 'CodeIgniter\Session\Handlers\FileHandler' driver.
DEBUG - 2026-05-26 00:24:04 --> Session: Class initialized using 'CodeIgniter\Session\Handlers\FileHandler' driver.
DEBUG - 2026-05-26 00:24:12 --> Session: Class initialized using 'CodeIgniter\Session\Handlers\FileHandler' driver.
DEBUG - 2026-05-26 00:24:12 --> Session: Class initialized using 'CodeIgniter\Session\Handlers\FileHandler' driver.
DEBUG - 2026-05-26 00:24:19 --> Session: Class initialized using 'CodeIgniter\Session\Handlers\FileHandler' driver.
DEBUG - 2026-05-26 00:24:19 --> Session: Class initialized using 'CodeIgniter\Session\Handlers\FileHandler' driver.
DEBUG - 2026-05-26 00:24:26 --> Session: Class initialized using 'CodeIgniter\Session\Handlers\FileHandler' driver.
DEBUG - 2026-05-26 03:15:55 --> Session: Class initialized using 'CodeIgniter\Session\Handlers\FileHandler' driver.
DEBUG - 2026-05-26 03:16:26 --> Session: Class initialized using 'CodeIgniter\Session\Handlers\FileHandler' driver.
DEBUG - 2026-05-26 03:16:30 --> Session: Class initialized using 'CodeIgniter\Session\Handlers\FileHandler' driver.
DEBUG - 2026-05-26 03:16:38 --> Session: Class initialized using 'CodeIgniter\Session\Handlers\FileHandler' driver.
DEBUG - 2026-05-26 03:16:49 --> Session: Class initialized using 'CodeIgniter\Session\Handlers\FileHandler' driver.
DEBUG - 2026-05-26 03:16:49 --> Session: Class initialized using 'CodeIgniter\Session\Handlers\FileHandler' driver.
DEBUG - 2026-05-26 03:16:57 --> Session: Class initialized using 'CodeIgniter\Session\Handlers\FileHandler' driver.
DEBUG - 2026-05-26 03:16:57 --> Session: Class initialized using 'CodeIgniter\Session\Handlers\FileHandler' driver.
DEBUG - 2026-05-26 03:17:06 --> Session: Class initialized using 'CodeIgniter\Session\Handlers\FileHandler' driver.
DEBUG - 2026-05-26 03:17:59 --> Session: Class initialized using 'CodeIgniter\Session\Handlers\FileHandler' driver.
DEBUG - 2026-05-26 03:17:59 --> Session: Class initialized using 'CodeIgniter\Session\Handlers\FileHandler' driver.
DEBUG - 2026-05-26 03:18:25 --> Session: Class initialized using 'CodeIgniter\Session\Handlers\FileHandler' driver.
DEBUG - 2026-05-26 03:18:25 --> Session: Class initialized using 'CodeIgniter\Session\Handlers\FileHandler' driver.
DEBUG - 2026-05-26 03:18:30 --> Session: Class initialized using 'CodeIgniter\Session\Handlers\FileHandler' driver.
DEBUG - 2026-05-26 03:18:34 --> Session: Class initialized using 'CodeIgniter\Session\Handlers\FileHandler' driver.
DEBUG - 2026-05-26 03:18:50 --> Session: Class initialized using 'CodeIgniter\Session\Handlers\FileHandler' driver.
DEBUG - 2026-05-26 03:18:50 --> Session: Class initialized using 'CodeIgniter\Session\Handlers\FileHandler' driver.
DEBUG - 2026-05-26 03:18:53 --> Session: Class initialized using 'CodeIgniter\Session\Handlers\FileHandler' driver.
DEBUG - 2026-05-26 03:18:53 --> Session: Class initialized using 'CodeIgniter\Session\Handlers\FileHandler' driver.
DEBUG - 2026-05-26 03:18:57 --> Session: Class initialized using 'CodeIgniter\Session\Handlers\FileHandler' driver.
DEBUG - 2026-05-26 03:19:12 --> Session: Class initialized using 'CodeIgniter\Session\Handlers\FileHandler' driver.
DEBUG - 2026-05-26 03:19:14 --> Session: Class initialized using 'CodeIgniter\Session\Handlers\FileHandler' driver.
DEBUG - 2026-05-26 03:19:20 --> Session: Class initialized using 'CodeIgniter\Session\Handlers\FileHandler' driver.
DEBUG - 2026-05-26 03:19:24 --> Session: Class initialized using 'CodeIgniter\Session\Handlers\FileHandler' driver.
CRITICAL - 2026-05-26 03:19:24 --> ErrorException: Undefined array key "metodopago"
[Method: GET, Route: mis-alquileres/resumen/1]
in APPPATH\Views\Vistas_Cliente\cliente_ver_resumen.php on line 125.
 1 APPPATH\Views\Vistas_Cliente\cliente_ver_resumen.php(125): CodeIgniter\Debug\Exceptions->errorHandler(2, 'Undefined array key "metodopago"', 'C:\\xampp\\htdocs\\MyCar-Codeigniter\\app\\Views\\Vistas_Cliente\\cliente_ver_resumen.php', 125)
 2 SYSTEMPATH\View\View.php(240): include('C:\\xampp\\htdocs\\MyCar-Codeigniter\\app\\Views\\Vistas_Cliente\\cliente_ver_resumen.php')
 3 SYSTEMPATH\View\View.php(243): CodeIgniter\View\View->CodeIgniter\View\{closure}()
 4 SYSTEMPATH\Common.php(1254): CodeIgniter\View\View->render('Vistas_Cliente/cliente_ver_resumen', [], true)
 5 APPPATH\Controllers\Alquileres.php(187): view('Vistas_Cliente/cliente_ver_resumen', [...])
 6 SYSTEMPATH\CodeIgniter.php(974): App\Controllers\Alquileres->verResumen('1')
 7 SYSTEMPATH\CodeIgniter.php(520): CodeIgniter\CodeIgniter->runController(Object(App\Controllers\Alquileres))
 8 SYSTEMPATH\CodeIgniter.php(363): CodeIgniter\CodeIgniter->handleRequest(null, Object(Config\Cache), false)
 9 SYSTEMPATH\Boot.php(417): CodeIgniter\CodeIgniter->run()
10 SYSTEMPATH\Boot.php(68): CodeIgniter\Boot::runCodeIgniter(Object(CodeIgniter\CodeIgniter))
11 FCPATH\index.php(59): CodeIgniter\Boot::bootWeb(Object(Config\Paths))
DEBUG - 2026-05-26 03:19:51 --> Session: Class initialized using 'CodeIgniter\Session\Handlers\FileHandler' driver.
DEBUG - 2026-05-26 03:19:59 --> Session: Class initialized using 'CodeIgniter\Session\Handlers\FileHandler' driver.
DEBUG - 2026-05-26 03:20:01 --> Session: Class initialized using 'CodeIgniter\Session\Handlers\FileHandler' driver.
DEBUG - 2026-05-26 03:20:16 --> Session: Class initialized using 'CodeIgniter\Session\Handlers\FileHandler' driver.
DEBUG - 2026-05-26 03:30:46 --> Session: Class initialized using 'CodeIgniter\Session\Handlers\FileHandler' driver.
DEBUG - 2026-05-26 03:30:47 --> Session: Class initialized using 'CodeIgniter\Session\Handlers\FileHandler' driver.
DEBUG - 2026-05-26 03:30:52 --> Session: Class initialized using 'CodeIgniter\Session\Handlers\FileHandler' driver.
DEBUG - 2026-05-26 03:31:02 --> Session: Class initialized using 'CodeIgniter\Session\Handlers\FileHandler' driver.
DEBUG - 2026-05-26 03:31:04 --> Session: Class initialized using 'CodeIgniter\Session\Handlers\FileHandler' driver.
DEBUG - 2026-05-26 03:31:07 --> Session: Class initialized using 'CodeIgniter\Session\Handlers\FileHandler' driver.
DEBUG - 2026-05-26 03:31:17 --> Session: Class initialized using 'CodeIgniter\Session\Handlers\FileHandler' driver.
DEBUG - 2026-05-26 03:31:21 --> Session: Class initialized using 'CodeIgniter\Session\Handlers\FileHandler' driver.
DEBUG - 2026-05-26 03:31:28 --> Session: Class initialized using 'CodeIgniter\Session\Handlers\FileHandler' driver.
DEBUG - 2026-05-26 03:31:30 --> Session: Class initialized using 'CodeIgniter\Session\Handlers\FileHandler' driver.
DEBUG - 2026-05-26 03:31:30 --> Session: Class initialized using 'CodeIgniter\Session\Handlers\FileHandler' driver.
DEBUG - 2026-05-26 03:31:37 --> Session: Class initialized using 'CodeIgniter\Session\Handlers\FileHandler' driver.
DEBUG - 2026-05-26 03:32:28 --> Session: Class initialized using 'CodeIgniter\Session\Handlers\FileHandler' driver.
DEBUG - 2026-05-26 03:32:28 --> Session: Class initialized using 'CodeIgniter\Session\Handlers\FileHandler' driver.
DEBUG - 2026-05-26 03:32:46 --> Session: Class initialized using 'CodeIgniter\Session\Handlers\FileHandler' driver.
DEBUG - 2026-05-26 03:32:46 --> Session: Class initialized using 'CodeIgniter\Session\Handlers\FileHandler' driver.
DEBUG - 2026-05-26 03:32:50 --> Session: Class initialized using 'CodeIgniter\Session\Handlers\FileHandler' driver.
DEBUG - 2026-05-26 03:32:58 --> Session: Class initialized using 'CodeIgniter\Session\Handlers\FileHandler' driver.
DEBUG - 2026-05-26 03:33:02 --> Session: Class initialized using 'CodeIgniter\Session\Handlers\FileHandler' driver.
DEBUG - 2026-05-26 03:33:06 --> Session: Class initialized using 'CodeIgniter\Session\Handlers\FileHandler' driver.
DEBUG - 2026-05-26 03:33:06 --> Session: Class initialized using 'CodeIgniter\Session\Handlers\FileHandler' driver.
DEBUG - 2026-05-26 03:33:10 --> Session: Class initialized using 'CodeIgniter\Session\Handlers\FileHandler' driver.
DEBUG - 2026-05-26 03:33:11 --> Session: Class initialized using 'CodeIgniter\Session\Handlers\FileHandler' driver.
DEBUG - 2026-05-26 03:33:16 --> Session: Class initialized using 'CodeIgniter\Session\Handlers\FileHandler' driver.
DEBUG - 2026-05-26 03:33:43 --> Session: Class initialized using 'CodeIgniter\Session\Handlers\FileHandler' driver.
DEBUG - 2026-05-26 03:33:43 --> Session: Class initialized using 'CodeIgniter\Session\Handlers\FileHandler' driver.
DEBUG - 2026-05-26 03:34:06 --> Session: Class initialized using 'CodeIgniter\Session\Handlers\FileHandler' driver.
DEBUG - 2026-05-26 03:34:06 --> Session: Class initialized using 'CodeIgniter\Session\Handlers\FileHandler' driver.
